{"level":"info","message":"Request Initiated | GET | /api-docs/| Req.body: {} |Params: {}| Date: 11/20/2023, 9:01:04 PM}","timestamp":"2023-11-20T15:16:04.887Z"}
{"level":"info","message":"Request Initiated | GET | /api-docs/swagger-ui.css| Req.body: {} |Params: {}| Date: 11/20/2023, 9:01:04 PM}","timestamp":"2023-11-20T15:16:04.920Z"}
{"level":"info","message":"Request Initiated | GET | /api-docs/swagger-ui-bundle.js| Req.body: {} |Params: {}| Date: 11/20/2023, 9:01:04 PM}","timestamp":"2023-11-20T15:16:04.925Z"}
{"level":"info","message":"Request Initiated | GET | /api-docs/swagger-ui-standalone-preset.js| Req.body: {} |Params: {}| Date: 11/20/2023, 9:01:04 PM}","timestamp":"2023-11-20T15:16:04.936Z"}
{"level":"info","message":"Request Initiated | GET | /api-docs/swagger-ui-init.js| Req.body: {} |Params: {}| Date: 11/20/2023, 9:01:04 PM}","timestamp":"2023-11-20T15:16:04.939Z"}
{"level":"info","message":"Request Initiated | GET | /api-docs/favicon-32x32.png| Req.body: {} |Params: {}| Date: 11/20/2023, 9:01:05 PM}","timestamp":"2023-11-20T15:16:05.269Z"}
{"level":"info","message":"Request Initiated | GET | /api/users| Req.body: {} |Params: {}| Date: 11/20/2023, 9:01:09 PM}","timestamp":"2023-11-20T15:16:09.937Z"}
{"level":"info","message":"Request Initiated | GET | /api-docs/| Req.body: {} |Params: {}| Date: 11/20/2023, 9:03:25 PM}","timestamp":"2023-11-20T15:18:25.503Z"}
{"level":"info","message":"Request Initiated | GET | /api-docs/swagger-ui.css| Req.body: {} |Params: {}| Date: 11/20/2023, 9:03:25 PM}","timestamp":"2023-11-20T15:18:25.684Z"}
{"level":"info","message":"Request Initiated | GET | /api-docs/swagger-ui-bundle.js| Req.body: {} |Params: {}| Date: 11/20/2023, 9:03:25 PM}","timestamp":"2023-11-20T15:18:25.690Z"}
{"level":"info","message":"Request Initiated | GET | /api-docs/swagger-ui-standalone-preset.js| Req.body: {} |Params: {}| Date: 11/20/2023, 9:03:25 PM}","timestamp":"2023-11-20T15:18:25.751Z"}
{"level":"info","message":"Request Initiated | GET | /api-docs/swagger-ui-init.js| Req.body: {} |Params: {}| Date: 11/20/2023, 9:03:25 PM}","timestamp":"2023-11-20T15:18:25.882Z"}
{"level":"info","message":"Request Initiated | GET | /api/users| Req.body: {} |Params: {}| Date: 11/20/2023, 9:03:33 PM}","timestamp":"2023-11-20T15:18:33.198Z"}
{"level":"info","message":"Request Initiated | GET | /api/users?page=1&perPage=10| Req.body: {} |Params: {}| Date: 11/20/2023, 9:03:48 PM}","timestamp":"2023-11-20T15:18:48.001Z"}
{"level":"info","message":"Request Initiated | GET | /api/users?page=1&perPage=8| Req.body: {} |Params: {}| Date: 11/20/2023, 9:13:01 PM}","timestamp":"2023-11-20T15:28:01.463Z"}
{"level":"info","message":"Request Initiated | GET | /api/users?page=1&perPage=8| Req.body: {} |Params: {}| Date: 11/20/2023, 9:14:19 PM}","timestamp":"2023-11-20T15:29:19.709Z"}
{"level":"info","message":"Request Initiated | GET | /api/users?page=1&perPage=8| Req.body: {} |Params: {}| Date: 11/20/2023, 9:14:34 PM}","timestamp":"2023-11-20T15:29:34.711Z"}
{"level":"info","message":"Request Initiated | GET | /api-docs/| Req.body: {} |Params: {}| Date: 11/20/2023, 9:16:19 PM}","timestamp":"2023-11-20T15:31:19.071Z"}
{"level":"info","message":"Request Initiated | GET | /api-docs/swagger-ui.css| Req.body: {} |Params: {}| Date: 11/20/2023, 9:16:19 PM}","timestamp":"2023-11-20T15:31:19.113Z"}
{"level":"info","message":"Request Initiated | GET | /api-docs/swagger-ui-bundle.js| Req.body: {} |Params: {}| Date: 11/20/2023, 9:16:19 PM}","timestamp":"2023-11-20T15:31:19.118Z"}
{"level":"info","message":"Request Initiated | GET | /api-docs/swagger-ui-init.js| Req.body: {} |Params: {}| Date: 11/20/2023, 9:16:19 PM}","timestamp":"2023-11-20T15:31:19.123Z"}
{"level":"info","message":"Request Initiated | GET | /api-docs/swagger-ui-standalone-preset.js| Req.body: {} |Params: {}| Date: 11/20/2023, 9:16:19 PM}","timestamp":"2023-11-20T15:31:19.128Z"}
{"level":"info","message":"Request Initiated | GET | /api-docs/favicon-32x32.png| Req.body: {} |Params: {}| Date: 11/20/2023, 9:16:19 PM}","timestamp":"2023-11-20T15:31:19.323Z"}
{"level":"info","message":"Request Initiated | GET | /api/users| Req.body: {} |Params: {}| Date: 11/20/2023, 9:16:23 PM}","timestamp":"2023-11-20T15:31:23.402Z"}
{"level":"info","message":"Request Initiated | DELETE | /api/users/8f40a3bc-90e9-4926-a8ca-59e43b570e08| Req.body: {} |Params: {}| Date: 11/20/2023, 9:17:49 PM}","timestamp":"2023-11-20T15:32:49.717Z"}
{"level":"info","message":"Request Initiated | POST | /api/users/login| Req.body: {\"username\":\"govinda10\",\"password\":\"govinda84\"} |Params: {}| Date: 11/20/2023, 9:18:43 PM}","timestamp":"2023-11-20T15:33:43.148Z"}
{"level":"info","message":"Request Initiated | DELETE | /api/users/8f40a3bc-90e9-4926-a8ca-59e43b570e08| Req.body: {} |Params: {}| Date: 11/20/2023, 9:19:15 PM}","timestamp":"2023-11-20T15:34:15.221Z"}
{"level":"info","message":"Request Initiated | GET | /api-docs/| Req.body: {} |Params: {}| Date: 11/20/2023, 9:29:10 PM}","timestamp":"2023-11-20T15:44:10.254Z"}
{"level":"info","message":"Request Initiated | GET | /api-docs/swagger-ui.css| Req.body: {} |Params: {}| Date: 11/20/2023, 9:29:10 PM}","timestamp":"2023-11-20T15:44:10.283Z"}
{"level":"info","message":"Request Initiated | GET | /api-docs/swagger-ui-bundle.js| Req.body: {} |Params: {}| Date: 11/20/2023, 9:29:10 PM}","timestamp":"2023-11-20T15:44:10.290Z"}
{"level":"info","message":"Request Initiated | GET | /api-docs/swagger-ui-init.js| Req.body: {} |Params: {}| Date: 11/20/2023, 9:29:10 PM}","timestamp":"2023-11-20T15:44:10.294Z"}
{"level":"info","message":"Request Initiated | GET | /api-docs/swagger-ui-standalone-preset.js| Req.body: {} |Params: {}| Date: 11/20/2023, 9:29:10 PM}","timestamp":"2023-11-20T15:44:10.297Z"}
{"level":"info","message":"Request Initiated | GET | /api-docs/favicon-32x32.png| Req.body: {} |Params: {}| Date: 11/20/2023, 9:29:10 PM}","timestamp":"2023-11-20T15:44:10.624Z"}
{"level":"info","message":"Request Initiated | GET | /api-docs/| Req.body: {} |Params: {}| Date: 11/20/2023, 9:29:11 PM}","timestamp":"2023-11-20T15:44:11.439Z"}
{"level":"info","message":"Request Initiated | GET | /api-docs/swagger-ui.css| Req.body: {} |Params: {}| Date: 11/20/2023, 9:29:11 PM}","timestamp":"2023-11-20T15:44:11.476Z"}
{"level":"info","message":"Request Initiated | GET | /api-docs/swagger-ui-bundle.js| Req.body: {} |Params: {}| Date: 11/20/2023, 9:29:11 PM}","timestamp":"2023-11-20T15:44:11.478Z"}
{"level":"info","message":"Request Initiated | GET | /api-docs/swagger-ui-standalone-preset.js| Req.body: {} |Params: {}| Date: 11/20/2023, 9:29:11 PM}","timestamp":"2023-11-20T15:44:11.481Z"}
{"level":"info","message":"Request Initiated | GET | /api-docs/swagger-ui-init.js| Req.body: {} |Params: {}| Date: 11/20/2023, 9:29:11 PM}","timestamp":"2023-11-20T15:44:11.485Z"}
{"level":"info","message":"Request Initiated | GET | /api-docs/favicon-32x32.png| Req.body: {} |Params: {}| Date: 11/20/2023, 9:29:11 PM}","timestamp":"2023-11-20T15:44:11.754Z"}
{"level":"info","message":"Request Initiated | GET | /api-docs/| Req.body: {} |Params: {}| Date: 11/20/2023, 9:29:11 PM}","timestamp":"2023-11-20T15:44:11.768Z"}
{"level":"info","message":"Request Initiated | GET | /api-docs/swagger-ui.css| Req.body: {} |Params: {}| Date: 11/20/2023, 9:29:11 PM}","timestamp":"2023-11-20T15:44:11.793Z"}
{"level":"info","message":"Request Initiated | GET | /api-docs/swagger-ui-bundle.js| Req.body: {} |Params: {}| Date: 11/20/2023, 9:29:11 PM}","timestamp":"2023-11-20T15:44:11.797Z"}
{"level":"info","message":"Request Initiated | GET | /api-docs/swagger-ui-standalone-preset.js| Req.body: {} |Params: {}| Date: 11/20/2023, 9:29:11 PM}","timestamp":"2023-11-20T15:44:11.799Z"}
{"level":"info","message":"Request Initiated | GET | /api-docs/swagger-ui-init.js| Req.body: {} |Params: {}| Date: 11/20/2023, 9:29:11 PM}","timestamp":"2023-11-20T15:44:11.804Z"}
{"level":"info","message":"Request Initiated | GET | /api-docs/favicon-32x32.png| Req.body: {} |Params: {}| Date: 11/20/2023, 9:29:11 PM}","timestamp":"2023-11-20T15:44:11.991Z"}
{"level":"info","message":"Request Initiated | GET | /api-docs/| Req.body: {} |Params: {}| Date: 11/20/2023, 9:29:12 PM}","timestamp":"2023-11-20T15:44:12.090Z"}
{"level":"info","message":"Request Initiated | GET | /api-docs/swagger-ui.css| Req.body: {} |Params: {}| Date: 11/20/2023, 9:29:12 PM}","timestamp":"2023-11-20T15:44:12.112Z"}
{"level":"info","message":"Request Initiated | GET | /api-docs/swagger-ui-bundle.js| Req.body: {} |Params: {}| Date: 11/20/2023, 9:29:12 PM}","timestamp":"2023-11-20T15:44:12.114Z"}
{"level":"info","message":"Request Initiated | GET | /api-docs/swagger-ui-standalone-preset.js| Req.body: {} |Params: {}| Date: 11/20/2023, 9:29:12 PM}","timestamp":"2023-11-20T15:44:12.116Z"}
{"level":"info","message":"Request Initiated | GET | /api-docs/swagger-ui-init.js| Req.body: {} |Params: {}| Date: 11/20/2023, 9:29:12 PM}","timestamp":"2023-11-20T15:44:12.122Z"}
{"level":"info","message":"Request Initiated | GET | /api-docs/favicon-32x32.png| Req.body: {} |Params: {}| Date: 11/20/2023, 9:29:12 PM}","timestamp":"2023-11-20T15:44:12.304Z"}
{"level":"info","message":"Request Initiated | GET | /api-docs/| Req.body: {} |Params: {}| Date: 11/20/2023, 9:29:12 PM}","timestamp":"2023-11-20T15:44:12.421Z"}
{"level":"info","message":"Request Initiated | GET | /api-docs/swagger-ui.css| Req.body: {} |Params: {}| Date: 11/20/2023, 9:29:12 PM}","timestamp":"2023-11-20T15:44:12.462Z"}
{"level":"info","message":"Request Initiated | GET | /api-docs/swagger-ui-bundle.js| Req.body: {} |Params: {}| Date: 11/20/2023, 9:29:12 PM}","timestamp":"2023-11-20T15:44:12.463Z"}
{"level":"info","message":"Request Initiated | GET | /api-docs/swagger-ui-standalone-preset.js| Req.body: {} |Params: {}| Date: 11/20/2023, 9:29:12 PM}","timestamp":"2023-11-20T15:44:12.465Z"}
{"level":"info","message":"Request Initiated | GET | /api-docs/swagger-ui-init.js| Req.body: {} |Params: {}| Date: 11/20/2023, 9:29:12 PM}","timestamp":"2023-11-20T15:44:12.470Z"}
{"level":"info","message":"Request Initiated | GET | /api-docs/favicon-32x32.png| Req.body: {} |Params: {}| Date: 11/20/2023, 9:29:12 PM}","timestamp":"2023-11-20T15:44:12.661Z"}
{"level":"info","message":"Request Initiated | GET | /api-docs/| Req.body: {} |Params: {}| Date: 11/20/2023, 9:29:12 PM}","timestamp":"2023-11-20T15:44:12.809Z"}
{"level":"info","message":"Request Initiated | GET | /api-docs/swagger-ui.css| Req.body: {} |Params: {}| Date: 11/20/2023, 9:29:12 PM}","timestamp":"2023-11-20T15:44:12.844Z"}
{"level":"info","message":"Request Initiated | GET | /api-docs/swagger-ui-bundle.js| Req.body: {} |Params: {}| Date: 11/20/2023, 9:29:12 PM}","timestamp":"2023-11-20T15:44:12.852Z"}
{"level":"info","message":"Request Initiated | GET | /api-docs/swagger-ui-standalone-preset.js| Req.body: {} |Params: {}| Date: 11/20/2023, 9:29:12 PM}","timestamp":"2023-11-20T15:44:12.855Z"}
{"level":"info","message":"Request Initiated | GET | /api-docs/swagger-ui-init.js| Req.body: {} |Params: {}| Date: 11/20/2023, 9:29:12 PM}","timestamp":"2023-11-20T15:44:12.857Z"}
{"level":"info","message":"Request Initiated | GET | /api-docs/favicon-32x32.png| Req.body: {} |Params: {}| Date: 11/20/2023, 9:29:13 PM}","timestamp":"2023-11-20T15:44:13.042Z"}
{"level":"info","message":"Request Initiated | GET | /api/users| Req.body: {} |Params: {}| Date: 11/20/2023, 9:29:19 PM}","timestamp":"2023-11-20T15:44:19.419Z"}
{"level":"info","message":"Request Initiated | GET | /api/users?page=1&perPage=10| Req.body: {} |Params: {}| Date: 11/20/2023, 9:29:34 PM}","timestamp":"2023-11-20T15:44:34.538Z"}
