{"level":"info","message":"Request Initiated | GET | /api-docs/| Req.body: {} |Params: {}| Date: 11/10/2023, 9:18:26 AM}","timestamp":"2023-11-10T03:33:26.161Z"}
{"level":"info","message":"Request Initiated | GET | /api-docs/swagger-ui.css| Req.body: {} |Params: {}| Date: 11/10/2023, 9:18:26 AM}","timestamp":"2023-11-10T03:33:26.186Z"}
{"level":"info","message":"Request Initiated | GET | /api-docs/swagger-ui-bundle.js| Req.body: {} |Params: {}| Date: 11/10/2023, 9:18:26 AM}","timestamp":"2023-11-10T03:33:26.195Z"}
{"level":"info","message":"Request Initiated | GET | /api-docs/swagger-ui-standalone-preset.js| Req.body: {} |Params: {}| Date: 11/10/2023, 9:18:26 AM}","timestamp":"2023-11-10T03:33:26.199Z"}
{"level":"info","message":"Request Initiated | GET | /api-docs/swagger-ui-init.js| Req.body: {} |Params: {}| Date: 11/10/2023, 9:18:26 AM}","timestamp":"2023-11-10T03:33:26.263Z"}
{"level":"info","message":"Request Initiated | POST | /api/users| Req.body: {} |Params: {}| Date: 11/10/2023, 9:19:05 AM}","timestamp":"2023-11-10T03:34:05.307Z"}
{"level":"info","message":"Request Initiated | POST | /api/users| Req.body: {} |Params: {}| Date: 11/10/2023, 9:19:33 AM}","timestamp":"2023-11-10T03:34:33.086Z"}
{"level":"info","message":"Request Initiated | POST | /api/users| Req.body: {} |Params: {}| Date: 11/10/2023, 9:20:13 AM}","timestamp":"2023-11-10T03:35:13.082Z"}
{"level":"info","message":"Request Initiated | POST | /api/users/login| Req.body: {\"username\":\"birav10\",\"password\":\"birav84\"} |Params: {}| Date: 11/10/2023, 9:31:42 AM}","timestamp":"2023-11-10T03:46:42.047Z"}
{"level":"info","message":"Request Initiated | DELETE | /api/users/e41796a5-d705-462f-afc3-6f72a092d663| Req.body: {} |Params: {}| Date: 11/10/2023, 9:37:05 AM}","timestamp":"2023-11-10T03:52:05.780Z"}
{"level":"info","message":"Request Initiated | DELETE | /api/users/e41796a5-d705-462f-afc3-6f72a092d663| Req.body: {} |Params: {}| Date: 11/10/2023, 9:37:16 AM}","timestamp":"2023-11-10T03:52:16.777Z"}
{"level":"info","message":"Request Initiated | DELETE | /api/users/e41796a5-d705-462f-afc3-6f72a092d663| Req.body: {} |Params: {}| Date: 11/10/2023, 9:37:20 AM}","timestamp":"2023-11-10T03:52:20.470Z"}
{"level":"info","message":"Request Initiated | DELETE | /api/users/e41796a5-d705-462f-afc3-6f72a092d663| Req.body: {} |Params: {}| Date: 11/10/2023, 9:37:40 AM}","timestamp":"2023-11-10T03:52:40.274Z"}
{"level":"info","message":"Request Initiated | DELETE | /api/users/e41796a5-d705-462f-afc3-6f72a092d663| Req.body: {} |Params: {}| Date: 11/10/2023, 9:37:41 AM}","timestamp":"2023-11-10T03:52:41.673Z"}
{"level":"info","message":"Request Initiated | DELETE | /api/users/e41796a5-d705-462f-afc3-6f72a092d663| Req.body: {} |Params: {}| Date: 11/10/2023, 9:37:44 AM}","timestamp":"2023-11-10T03:52:44.992Z"}
{"level":"info","message":"Request Initiated | DELETE | /api/users/e41796a5-d705-462f-afc3-6f72a092d663| Req.body: {} |Params: {}| Date: 11/10/2023, 9:37:46 AM}","timestamp":"2023-11-10T03:52:46.189Z"}
{"level":"info","message":"Request Initiated | DELETE | /api/users/e41796a5-d705-462f-afc3-6f72a092d663| Req.body: {} |Params: {}| Date: 11/10/2023, 9:38:31 AM}","timestamp":"2023-11-10T03:53:31.733Z"}
{"level":"info","message":"Request Initiated | DELETE | /api/users/e41796a5-d705-462f-afc3-6f72a092d663| Req.body: {} |Params: {}| Date: 11/10/2023, 9:39:01 AM}","timestamp":"2023-11-10T03:54:01.830Z"}
{"level":"info","message":"Request Initiated | DELETE | /api/users/e41796a5-d705-462f-afc3-6f72a092d663| Req.body: {} |Params: {}| Date: 11/10/2023, 9:41:11 AM}","timestamp":"2023-11-10T03:56:11.480Z"}
{"level":"info","message":"Request Initiated | DELETE | /api/users/e41796a5-d705-462f-afc3-6f72a092d663| Req.body: {} |Params: {}| Date: 11/10/2023, 9:42:21 AM}","timestamp":"2023-11-10T03:57:21.627Z"}
{"level":"info","message":"Request Initiated | DELETE | /api/users/e41796a5-d705-462f-afc3-6f72a092d663| Req.body: {} |Params: {}| Date: 11/10/2023, 9:42:41 AM}","timestamp":"2023-11-10T03:57:41.275Z"}
{"level":"info","message":"Request Initiated | DELETE | /api/users/e41796a5-d705-462f-afc3-6f72a092d663| Req.body: {} |Params: {}| Date: 11/10/2023, 9:42:57 AM}","timestamp":"2023-11-10T03:57:57.117Z"}
{"level":"info","message":"Request Initiated | DELETE | /api/users/e41796a5-d705-462f-afc3-6f72a092d663| Req.body: {} |Params: {}| Date: 11/10/2023, 9:43:00 AM}","timestamp":"2023-11-10T03:58:00.508Z"}
{"level":"info","message":"Request Initiated | DELETE | /api/users/e41796a5-d705-462f-afc3-6f72a092d663| Req.body: {} |Params: {}| Date: 11/10/2023, 9:43:00 AM}","timestamp":"2023-11-10T03:58:00.913Z"}
{"level":"info","message":"Request Initiated | DELETE | /api/users/e41796a5-d705-462f-afc3-6f72a092d663| Req.body: {} |Params: {}| Date: 11/10/2023, 9:43:01 AM}","timestamp":"2023-11-10T03:58:01.825Z"}
{"level":"info","message":"Request Initiated | DELETE | /api/users/e41796a5-d705-462f-afc3-6f72a092d663| Req.body: {} |Params: {}| Date: 11/10/2023, 9:43:22 AM}","timestamp":"2023-11-10T03:58:22.999Z"}
{"level":"info","message":"Request Initiated | DELETE | /api/users/e41796a5-d705-462f-afc3-6f72a092d663| Req.body: {} |Params: {}| Date: 11/10/2023, 9:43:24 AM}","timestamp":"2023-11-10T03:58:24.664Z"}
{"level":"info","message":"Request Initiated | DELETE | /api/users/e41796a5-d705-462f-afc3-6f72a092d663| Req.body: {} |Params: {}| Date: 11/10/2023, 9:43:42 AM}","timestamp":"2023-11-10T03:58:42.381Z"}
{"level":"info","message":"Request Initiated | DELETE | /api/users/e41796a5-d705-462f-afc3-6f72a092d663| Req.body: {} |Params: {}| Date: 11/10/2023, 9:43:43 AM}","timestamp":"2023-11-10T03:58:43.692Z"}
{"level":"info","message":"Request Initiated | DELETE | /api/users/e41796a5-d705-462f-afc3-6f72a092d663| Req.body: {} |Params: {}| Date: 11/10/2023, 9:44:26 AM}","timestamp":"2023-11-10T03:59:26.310Z"}
{"level":"info","message":"Request Initiated | DELETE | /api/users/e41796a5-d705-462f-afc3-6f72a092d663| Req.body: {} |Params: {}| Date: 11/10/2023, 9:44:27 AM}","timestamp":"2023-11-10T03:59:27.565Z"}
{"level":"info","message":"Request Initiated | DELETE | /api/users/e41796a5-d705-462f-afc3-6f72a092d663| Req.body: {} |Params: {}| Date: 11/10/2023, 9:44:29 AM}","timestamp":"2023-11-10T03:59:29.168Z"}
{"level":"info","message":"Request Initiated | DELETE | /api/users/e41796a5-d705-462f-afc3-6f72a092d663| Req.body: {} |Params: {}| Date: 11/10/2023, 9:44:52 AM}","timestamp":"2023-11-10T03:59:52.811Z"}
{"level":"info","message":"Request Initiated | DELETE | /api/users/e41796a5-d705-462f-afc3-6f72a092d663| Req.body: {} |Params: {}| Date: 11/10/2023, 9:44:55 AM}","timestamp":"2023-11-10T03:59:55.999Z"}
{"level":"info","message":"Request Initiated | DELETE | /api/users/e41796a5-d705-462f-afc3-6f72a092d663| Req.body: {} |Params: {}| Date: 11/10/2023, 9:44:57 AM}","timestamp":"2023-11-10T03:59:57.032Z"}
{"level":"info","message":"Request Initiated | GET | /api/users/e41796a5-d705-462f-afc3-6f72a092d663| Req.body: {} |Params: {}| Date: 11/10/2023, 9:48:17 AM}","timestamp":"2023-11-10T04:03:17.541Z"}
{"level":"info","message":"Request Initiated | POST | /api/users/login| Req.body: {\"username\":\"birav10\",\"password\":\"birav84\"} |Params: {}| Date: 11/10/2023, 9:49:14 AM}","timestamp":"2023-11-10T04:04:14.963Z"}
{"level":"info","message":"Request Initiated | DELETE | /api/users/e41796a5-d705-462f-afc3-6f72a092d663| Req.body: {} |Params: {}| Date: 11/10/2023, 9:49:38 AM}","timestamp":"2023-11-10T04:04:38.213Z"}
{"level":"info","message":"Request Initiated | DELETE | /api/users/e41796a5-d705-462f-afc3-6f72a092d663| Req.body: {} |Params: {}| Date: 11/10/2023, 9:50:12 AM}","timestamp":"2023-11-10T04:05:12.878Z"}
{"level":"info","message":"Request Initiated | DELETE | /api/users/e41796a5-d705-462f-afc3-6f72a092d663| Req.body: {} |Params: {}| Date: 11/10/2023, 9:50:24 AM}","timestamp":"2023-11-10T04:05:24.857Z"}
{"level":"info","message":"Request Initiated | GET | /api/users| Req.body: {} |Params: {}| Date: 11/10/2023, 9:50:36 AM}","timestamp":"2023-11-10T04:05:36.601Z"}
{"level":"info","message":"Request Initiated | DELETE | /api/users/e41796a5-d705-462f-afc3-6f72a092d663| Req.body: {} |Params: {}| Date: 11/10/2023, 9:50:49 AM}","timestamp":"2023-11-10T04:05:49.653Z"}
{"level":"info","message":"Request Initiated | DELETE | /api/users/e41796a5-d705-462f-afc3-6f72a092d663| Req.body: {} |Params: {}| Date: 11/10/2023, 9:51:19 AM}","timestamp":"2023-11-10T04:06:19.714Z"}
{"level":"info","message":"Request Initiated | DELETE | /api/users/e41796a5-d705-462f-afc3-6f72a092d663| Req.body: {} |Params: {}| Date: 11/10/2023, 9:51:23 AM}","timestamp":"2023-11-10T04:06:23.746Z"}
{"level":"info","message":"Request Initiated | DELETE | /api/users/e41796a5-d705-462f-afc3-6f72a092d663| Req.body: {} |Params: {}| Date: 11/10/2023, 9:51:24 AM}","timestamp":"2023-11-10T04:06:24.822Z"}
{"level":"info","message":"Request Initiated | DELETE | /api/users/e41796a5-d705-462f-afc3-6f72a092d663| Req.body: {} |Params: {}| Date: 11/10/2023, 9:53:20 AM}","timestamp":"2023-11-10T04:08:20.851Z"}
{"level":"info","message":"Request Initiated | DELETE | /api/users/e41796a5-d705-462f-afc3-6f72a092d663| Req.body: {} |Params: {}| Date: 11/10/2023, 9:53:36 AM}","timestamp":"2023-11-10T04:08:36.717Z"}
{"level":"info","message":"Request Initiated | DELETE | /api/users/e41796a5-d705-462f-afc3-6f72a092d663| Req.body: {} |Params: {}| Date: 11/10/2023, 9:54:00 AM}","timestamp":"2023-11-10T04:09:00.412Z"}
{"level":"info","message":"Request Initiated | DELETE | /api/users/e41796a5-d705-462f-afc3-6f72a092d663| Req.body: {} |Params: {}| Date: 11/10/2023, 9:55:11 AM}","timestamp":"2023-11-10T04:10:11.378Z"}
{"level":"info","message":"Request Initiated | DELETE | /api/users/e41796a5-d705-462f-afc3-6f72a092d663| Req.body: {} |Params: {}| Date: 11/10/2023, 9:55:26 AM}","timestamp":"2023-11-10T04:10:26.612Z"}
{"level":"info","message":"Request Initiated | DELETE | /api/users/e41796a5-d705-462f-afc3-6f72a092d663| Req.body: {} |Params: {}| Date: 11/10/2023, 9:55:40 AM}","timestamp":"2023-11-10T04:10:41.012Z"}
{"level":"info","message":"Request Initiated | DELETE | /api/users/e41796a5-d705-462f-afc3-6f72a092d663| Req.body: {} |Params: {}| Date: 11/10/2023, 9:55:57 AM}","timestamp":"2023-11-10T04:10:57.695Z"}
{"level":"info","message":"Request Initiated | DELETE | /api/users/e41796a5-d705-462f-afc3-6f72a092d663| Req.body: {} |Params: {}| Date: 11/10/2023, 9:56:17 AM}","timestamp":"2023-11-10T04:11:17.305Z"}
{"level":"info","message":"Request Initiated | DELETE | /api/users/e41796a5-d705-462f-afc3-6f72a092d663| Req.body: {} |Params: {}| Date: 11/10/2023, 9:57:18 AM}","timestamp":"2023-11-10T04:12:18.146Z"}
{"level":"info","message":"Request Initiated | DELETE | /api/users/e41796a5-d705-462f-afc3-6f72a092d663| Req.body: {} |Params: {}| Date: 11/10/2023, 9:57:47 AM}","timestamp":"2023-11-10T04:12:47.817Z"}
{"level":"info","message":"Request Initiated | DELETE | /api/users/e41796a5-d705-462f-afc3-6f72a092d663| Req.body: {} |Params: {}| Date: 11/10/2023, 9:58:06 AM}","timestamp":"2023-11-10T04:13:06.833Z"}
{"level":"info","message":"Request Initiated | POST | /api/users/login| Req.body: {\"username\":\"birav10\",\"password\":\"birav84\"} |Params: {}| Date: 11/10/2023, 9:58:59 AM}","timestamp":"2023-11-10T04:13:59.403Z"}
