{"level":"info","message":"Request Initiated | GET | /api-docs/| Req.body: {} |Params: {}| Date: 11/19/2023, 7:42:58 AM}","timestamp":"2023-11-19T01:57:59.019Z"}
{"level":"info","message":"Request Initiated | GET | /api-docs/swagger-ui.css| Req.body: {} |Params: {}| Date: 11/19/2023, 7:42:59 AM}","timestamp":"2023-11-19T01:57:59.047Z"}
{"level":"info","message":"Request Initiated | GET | /api-docs/swagger-ui-bundle.js| Req.body: {} |Params: {}| Date: 11/19/2023, 7:42:59 AM}","timestamp":"2023-11-19T01:57:59.058Z"}
{"level":"info","message":"Request Initiated | GET | /api-docs/swagger-ui-standalone-preset.js| Req.body: {} |Params: {}| Date: 11/19/2023, 7:42:59 AM}","timestamp":"2023-11-19T01:57:59.061Z"}
{"level":"info","message":"Request Initiated | GET | /api-docs/swagger-ui-init.js| Req.body: {} |Params: {}| Date: 11/19/2023, 7:42:59 AM}","timestamp":"2023-11-19T01:57:59.152Z"}
{"level":"info","message":"Request Initiated | GET | /api-docs/| Req.body: {} |Params: {}| Date: 11/19/2023, 7:48:19 AM}","timestamp":"2023-11-19T02:03:19.132Z"}
{"level":"info","message":"Request Initiated | GET | /api-docs/swagger-ui.css| Req.body: {} |Params: {}| Date: 11/19/2023, 7:48:19 AM}","timestamp":"2023-11-19T02:03:19.163Z"}
{"level":"info","message":"Request Initiated | GET | /api-docs/swagger-ui-bundle.js| Req.body: {} |Params: {}| Date: 11/19/2023, 7:48:19 AM}","timestamp":"2023-11-19T02:03:19.168Z"}
{"level":"info","message":"Request Initiated | GET | /api-docs/swagger-ui-standalone-preset.js| Req.body: {} |Params: {}| Date: 11/19/2023, 7:48:19 AM}","timestamp":"2023-11-19T02:03:19.176Z"}
{"level":"info","message":"Request Initiated | GET | /api-docs/swagger-ui-init.js| Req.body: {} |Params: {}| Date: 11/19/2023, 7:48:19 AM}","timestamp":"2023-11-19T02:03:19.179Z"}
{"level":"info","message":"Request Initiated | GET | /api-docs/favicon-32x32.png| Req.body: {} |Params: {}| Date: 11/19/2023, 7:48:19 AM}","timestamp":"2023-11-19T02:03:19.474Z"}
{"level":"info","message":"Request Initiated | GET | /api-docs/| Req.body: {} |Params: {}| Date: 11/19/2023, 7:48:20 AM}","timestamp":"2023-11-19T02:03:20.845Z"}
{"level":"info","message":"Request Initiated | GET | /api-docs/swagger-ui.css| Req.body: {} |Params: {}| Date: 11/19/2023, 7:48:20 AM}","timestamp":"2023-11-19T02:03:20.883Z"}
{"level":"info","message":"Request Initiated | GET | /api-docs/swagger-ui-bundle.js| Req.body: {} |Params: {}| Date: 11/19/2023, 7:48:20 AM}","timestamp":"2023-11-19T02:03:20.891Z"}
{"level":"info","message":"Request Initiated | GET | /api-docs/swagger-ui-standalone-preset.js| Req.body: {} |Params: {}| Date: 11/19/2023, 7:48:20 AM}","timestamp":"2023-11-19T02:03:20.895Z"}
{"level":"info","message":"Request Initiated | GET | /api-docs/swagger-ui-init.js| Req.body: {} |Params: {}| Date: 11/19/2023, 7:48:20 AM}","timestamp":"2023-11-19T02:03:20.899Z"}
{"level":"info","message":"Request Initiated | GET | /api-docs/favicon-32x32.png| Req.body: {} |Params: {}| Date: 11/19/2023, 7:48:21 AM}","timestamp":"2023-11-19T02:03:21.096Z"}
{"level":"info","message":"Request Initiated | GET | /api-docs/| Req.body: {} |Params: {}| Date: 11/19/2023, 7:48:21 AM}","timestamp":"2023-11-19T02:03:21.586Z"}
{"level":"info","message":"Request Initiated | GET | /api-docs/swagger-ui.css| Req.body: {} |Params: {}| Date: 11/19/2023, 7:48:21 AM}","timestamp":"2023-11-19T02:03:21.621Z"}
{"level":"info","message":"Request Initiated | GET | /api-docs/swagger-ui-bundle.js| Req.body: {} |Params: {}| Date: 11/19/2023, 7:48:21 AM}","timestamp":"2023-11-19T02:03:21.632Z"}
{"level":"info","message":"Request Initiated | GET | /api-docs/swagger-ui-standalone-preset.js| Req.body: {} |Params: {}| Date: 11/19/2023, 7:48:21 AM}","timestamp":"2023-11-19T02:03:21.636Z"}
{"level":"info","message":"Request Initiated | GET | /api-docs/swagger-ui-init.js| Req.body: {} |Params: {}| Date: 11/19/2023, 7:48:21 AM}","timestamp":"2023-11-19T02:03:21.638Z"}
{"level":"info","message":"Request Initiated | GET | /api-docs/favicon-32x32.png| Req.body: {} |Params: {}| Date: 11/19/2023, 7:48:21 AM}","timestamp":"2023-11-19T02:03:21.805Z"}
{"level":"info","message":"Request Initiated | GET | /api-docs/| Req.body: {} |Params: {}| Date: 11/19/2023, 7:48:21 AM}","timestamp":"2023-11-19T02:03:21.867Z"}
{"level":"info","message":"Request Initiated | GET | /api-docs/swagger-ui.css| Req.body: {} |Params: {}| Date: 11/19/2023, 7:48:21 AM}","timestamp":"2023-11-19T02:03:21.887Z"}
{"level":"info","message":"Request Initiated | GET | /api-docs/swagger-ui-bundle.js| Req.body: {} |Params: {}| Date: 11/19/2023, 7:48:21 AM}","timestamp":"2023-11-19T02:03:21.893Z"}
{"level":"info","message":"Request Initiated | GET | /api-docs/swagger-ui-standalone-preset.js| Req.body: {} |Params: {}| Date: 11/19/2023, 7:48:21 AM}","timestamp":"2023-11-19T02:03:21.897Z"}
{"level":"info","message":"Request Initiated | GET | /api-docs/swagger-ui-init.js| Req.body: {} |Params: {}| Date: 11/19/2023, 7:48:21 AM}","timestamp":"2023-11-19T02:03:21.899Z"}
{"level":"info","message":"Request Initiated | GET | /api-docs/favicon-32x32.png| Req.body: {} |Params: {}| Date: 11/19/2023, 7:48:22 AM}","timestamp":"2023-11-19T02:03:22.050Z"}
{"level":"info","message":"Request Initiated | GET | /api-docs/| Req.body: {} |Params: {}| Date: 11/19/2023, 7:48:22 AM}","timestamp":"2023-11-19T02:03:22.101Z"}
{"level":"info","message":"Request Initiated | GET | /api-docs/swagger-ui.css| Req.body: {} |Params: {}| Date: 11/19/2023, 7:48:22 AM}","timestamp":"2023-11-19T02:03:22.120Z"}
{"level":"info","message":"Request Initiated | GET | /api-docs/swagger-ui-bundle.js| Req.body: {} |Params: {}| Date: 11/19/2023, 7:48:22 AM}","timestamp":"2023-11-19T02:03:22.129Z"}
{"level":"info","message":"Request Initiated | GET | /api-docs/swagger-ui-standalone-preset.js| Req.body: {} |Params: {}| Date: 11/19/2023, 7:48:22 AM}","timestamp":"2023-11-19T02:03:22.132Z"}
{"level":"info","message":"Request Initiated | GET | /api-docs/swagger-ui-init.js| Req.body: {} |Params: {}| Date: 11/19/2023, 7:48:22 AM}","timestamp":"2023-11-19T02:03:22.136Z"}
{"level":"info","message":"Request Initiated | GET | /api-docs/favicon-32x32.png| Req.body: {} |Params: {}| Date: 11/19/2023, 7:48:22 AM}","timestamp":"2023-11-19T02:03:22.288Z"}
{"level":"info","message":"Request Initiated | GET | /api-docs/| Req.body: {} |Params: {}| Date: 11/19/2023, 7:48:22 AM}","timestamp":"2023-11-19T02:03:22.302Z"}
{"level":"info","message":"Request Initiated | GET | /api-docs/swagger-ui.css| Req.body: {} |Params: {}| Date: 11/19/2023, 7:48:22 AM}","timestamp":"2023-11-19T02:03:22.323Z"}
{"level":"info","message":"Request Initiated | GET | /api-docs/swagger-ui-bundle.js| Req.body: {} |Params: {}| Date: 11/19/2023, 7:48:22 AM}","timestamp":"2023-11-19T02:03:22.330Z"}
{"level":"info","message":"Request Initiated | GET | /api-docs/swagger-ui-standalone-preset.js| Req.body: {} |Params: {}| Date: 11/19/2023, 7:48:22 AM}","timestamp":"2023-11-19T02:03:22.335Z"}
{"level":"info","message":"Request Initiated | GET | /api-docs/swagger-ui-init.js| Req.body: {} |Params: {}| Date: 11/19/2023, 7:48:22 AM}","timestamp":"2023-11-19T02:03:22.337Z"}
{"level":"info","message":"Request Initiated | GET | /api-docs/favicon-32x32.png| Req.body: {} |Params: {}| Date: 11/19/2023, 7:48:22 AM}","timestamp":"2023-11-19T02:03:22.516Z"}
{"level":"info","message":"Request Initiated | GET | /api-docs/| Req.body: {} |Params: {}| Date: 11/19/2023, 7:48:22 AM}","timestamp":"2023-11-19T02:03:22.558Z"}
{"level":"info","message":"Request Initiated | GET | /api-docs/swagger-ui.css| Req.body: {} |Params: {}| Date: 11/19/2023, 7:48:22 AM}","timestamp":"2023-11-19T02:03:22.602Z"}
{"level":"info","message":"Request Initiated | GET | /api-docs/swagger-ui-bundle.js| Req.body: {} |Params: {}| Date: 11/19/2023, 7:48:22 AM}","timestamp":"2023-11-19T02:03:22.623Z"}
{"level":"info","message":"Request Initiated | GET | /api-docs/swagger-ui-standalone-preset.js| Req.body: {} |Params: {}| Date: 11/19/2023, 7:48:22 AM}","timestamp":"2023-11-19T02:03:22.625Z"}
{"level":"info","message":"Request Initiated | GET | /api-docs/swagger-ui-init.js| Req.body: {} |Params: {}| Date: 11/19/2023, 7:48:22 AM}","timestamp":"2023-11-19T02:03:22.628Z"}
{"level":"info","message":"Request Initiated | GET | /api-docs/favicon-32x32.png| Req.body: {} |Params: {}| Date: 11/19/2023, 7:48:22 AM}","timestamp":"2023-11-19T02:03:22.812Z"}
{"level":"info","message":"Request Initiated | GET | /api-docs/| Req.body: {} |Params: {}| Date: 11/19/2023, 7:48:22 AM}","timestamp":"2023-11-19T02:03:22.840Z"}
{"level":"info","message":"Request Initiated | GET | /api-docs/swagger-ui.css| Req.body: {} |Params: {}| Date: 11/19/2023, 7:48:22 AM}","timestamp":"2023-11-19T02:03:22.864Z"}
{"level":"info","message":"Request Initiated | GET | /api-docs/swagger-ui-bundle.js| Req.body: {} |Params: {}| Date: 11/19/2023, 7:48:22 AM}","timestamp":"2023-11-19T02:03:22.868Z"}
{"level":"info","message":"Request Initiated | GET | /api-docs/swagger-ui-standalone-preset.js| Req.body: {} |Params: {}| Date: 11/19/2023, 7:48:22 AM}","timestamp":"2023-11-19T02:03:22.870Z"}
{"level":"info","message":"Request Initiated | GET | /api-docs/swagger-ui-init.js| Req.body: {} |Params: {}| Date: 11/19/2023, 7:48:22 AM}","timestamp":"2023-11-19T02:03:22.871Z"}
{"level":"info","message":"Request Initiated | GET | /api-docs/favicon-32x32.png| Req.body: {} |Params: {}| Date: 11/19/2023, 7:48:23 AM}","timestamp":"2023-11-19T02:03:23.036Z"}
{"level":"info","message":"Request Initiated | GET | /api-docs/| Req.body: {} |Params: {}| Date: 11/19/2023, 7:48:23 AM}","timestamp":"2023-11-19T02:03:23.589Z"}
{"level":"info","message":"Request Initiated | GET | /api-docs/swagger-ui.css| Req.body: {} |Params: {}| Date: 11/19/2023, 7:48:23 AM}","timestamp":"2023-11-19T02:03:23.622Z"}
{"level":"info","message":"Request Initiated | GET | /api-docs/swagger-ui-bundle.js| Req.body: {} |Params: {}| Date: 11/19/2023, 7:48:23 AM}","timestamp":"2023-11-19T02:03:23.624Z"}
{"level":"info","message":"Request Initiated | GET | /api-docs/swagger-ui-standalone-preset.js| Req.body: {} |Params: {}| Date: 11/19/2023, 7:48:23 AM}","timestamp":"2023-11-19T02:03:23.626Z"}
{"level":"info","message":"Request Initiated | GET | /api-docs/swagger-ui-init.js| Req.body: {} |Params: {}| Date: 11/19/2023, 7:48:23 AM}","timestamp":"2023-11-19T02:03:23.630Z"}
{"level":"info","message":"Request Initiated | GET | /api-docs/favicon-32x32.png| Req.body: {} |Params: {}| Date: 11/19/2023, 7:48:23 AM}","timestamp":"2023-11-19T02:03:23.797Z"}
{"level":"info","message":"Request Initiated | GET | /api-docs/| Req.body: {} |Params: {}| Date: 11/19/2023, 7:48:46 AM}","timestamp":"2023-11-19T02:03:47.028Z"}
{"level":"info","message":"Request Initiated | GET | /api-docs/swagger-ui.css| Req.body: {} |Params: {}| Date: 11/19/2023, 7:48:47 AM}","timestamp":"2023-11-19T02:03:47.057Z"}
{"level":"info","message":"Request Initiated | GET | /api-docs/swagger-ui-bundle.js| Req.body: {} |Params: {}| Date: 11/19/2023, 7:48:47 AM}","timestamp":"2023-11-19T02:03:47.064Z"}
{"level":"info","message":"Request Initiated | GET | /api-docs/swagger-ui-standalone-preset.js| Req.body: {} |Params: {}| Date: 11/19/2023, 7:48:47 AM}","timestamp":"2023-11-19T02:03:47.074Z"}
{"level":"info","message":"Request Initiated | GET | /api-docs/swagger-ui-init.js| Req.body: {} |Params: {}| Date: 11/19/2023, 7:48:47 AM}","timestamp":"2023-11-19T02:03:47.077Z"}
{"level":"info","message":"Request Initiated | GET | /api-docs/favicon-32x32.png| Req.body: {} |Params: {}| Date: 11/19/2023, 7:48:47 AM}","timestamp":"2023-11-19T02:03:47.251Z"}
{"level":"info","message":"Request Initiated | GET | /api-docs/| Req.body: {} |Params: {}| Date: 11/19/2023, 7:48:56 AM}","timestamp":"2023-11-19T02:03:56.802Z"}
{"level":"info","message":"Request Initiated | GET | /api-docs/swagger-ui.css| Req.body: {} |Params: {}| Date: 11/19/2023, 7:48:56 AM}","timestamp":"2023-11-19T02:03:56.849Z"}
{"level":"info","message":"Request Initiated | GET | /api-docs/swagger-ui-bundle.js| Req.body: {} |Params: {}| Date: 11/19/2023, 7:48:56 AM}","timestamp":"2023-11-19T02:03:56.851Z"}
{"level":"info","message":"Request Initiated | GET | /api-docs/swagger-ui-standalone-preset.js| Req.body: {} |Params: {}| Date: 11/19/2023, 7:48:56 AM}","timestamp":"2023-11-19T02:03:56.856Z"}
{"level":"info","message":"Request Initiated | GET | /api-docs/swagger-ui-init.js| Req.body: {} |Params: {}| Date: 11/19/2023, 7:48:56 AM}","timestamp":"2023-11-19T02:03:56.860Z"}
{"level":"info","message":"Request Initiated | GET | /api-docs/favicon-32x32.png| Req.body: {} |Params: {}| Date: 11/19/2023, 7:48:57 AM}","timestamp":"2023-11-19T02:03:57.211Z"}
{"level":"info","message":"Request Initiated | GET | /api-docs/| Req.body: {} |Params: {}| Date: 11/19/2023, 7:49:42 AM}","timestamp":"2023-11-19T02:04:42.881Z"}
{"level":"info","message":"Request Initiated | GET | /api-docs/swagger-ui.css| Req.body: {} |Params: {}| Date: 11/19/2023, 7:49:42 AM}","timestamp":"2023-11-19T02:04:42.915Z"}
{"level":"info","message":"Request Initiated | GET | /api-docs/swagger-ui-bundle.js| Req.body: {} |Params: {}| Date: 11/19/2023, 7:49:42 AM}","timestamp":"2023-11-19T02:04:42.918Z"}
{"level":"info","message":"Request Initiated | GET | /api-docs/swagger-ui-standalone-preset.js| Req.body: {} |Params: {}| Date: 11/19/2023, 7:49:42 AM}","timestamp":"2023-11-19T02:04:42.927Z"}
{"level":"info","message":"Request Initiated | GET | /api-docs/swagger-ui-init.js| Req.body: {} |Params: {}| Date: 11/19/2023, 7:49:42 AM}","timestamp":"2023-11-19T02:04:42.930Z"}
{"level":"info","message":"Request Initiated | GET | /api-docs/favicon-32x32.png| Req.body: {} |Params: {}| Date: 11/19/2023, 7:49:43 AM}","timestamp":"2023-11-19T02:04:43.153Z"}
{"level":"info","message":"Request Initiated | GET | /api-docs/| Req.body: {} |Params: {}| Date: 11/19/2023, 7:49:44 AM}","timestamp":"2023-11-19T02:04:44.515Z"}
{"level":"info","message":"Request Initiated | GET | /api-docs/swagger-ui.css| Req.body: {} |Params: {}| Date: 11/19/2023, 7:49:44 AM}","timestamp":"2023-11-19T02:04:44.545Z"}
{"level":"info","message":"Request Initiated | GET | /api-docs/swagger-ui-bundle.js| Req.body: {} |Params: {}| Date: 11/19/2023, 7:49:44 AM}","timestamp":"2023-11-19T02:04:44.548Z"}
{"level":"info","message":"Request Initiated | GET | /api-docs/swagger-ui-standalone-preset.js| Req.body: {} |Params: {}| Date: 11/19/2023, 7:49:44 AM}","timestamp":"2023-11-19T02:04:44.550Z"}
{"level":"info","message":"Request Initiated | GET | /api-docs/swagger-ui-init.js| Req.body: {} |Params: {}| Date: 11/19/2023, 7:49:44 AM}","timestamp":"2023-11-19T02:04:44.552Z"}
{"level":"info","message":"Request Initiated | GET | /api-docs/favicon-32x32.png| Req.body: {} |Params: {}| Date: 11/19/2023, 7:49:44 AM}","timestamp":"2023-11-19T02:04:44.741Z"}
{"level":"info","message":"Request Initiated | GET | /api-docs/| Req.body: {} |Params: {}| Date: 11/19/2023, 7:49:45 AM}","timestamp":"2023-11-19T02:04:45.444Z"}
{"level":"info","message":"Request Initiated | GET | /api-docs/swagger-ui.css| Req.body: {} |Params: {}| Date: 11/19/2023, 7:49:45 AM}","timestamp":"2023-11-19T02:04:45.473Z"}
{"level":"info","message":"Request Initiated | GET | /api-docs/swagger-ui-bundle.js| Req.body: {} |Params: {}| Date: 11/19/2023, 7:49:45 AM}","timestamp":"2023-11-19T02:04:45.478Z"}
{"level":"info","message":"Request Initiated | GET | /api-docs/swagger-ui-standalone-preset.js| Req.body: {} |Params: {}| Date: 11/19/2023, 7:49:45 AM}","timestamp":"2023-11-19T02:04:45.481Z"}
{"level":"info","message":"Request Initiated | GET | /api-docs/swagger-ui-init.js| Req.body: {} |Params: {}| Date: 11/19/2023, 7:49:45 AM}","timestamp":"2023-11-19T02:04:45.483Z"}
{"level":"info","message":"Request Initiated | GET | /api-docs/favicon-32x32.png| Req.body: {} |Params: {}| Date: 11/19/2023, 7:49:45 AM}","timestamp":"2023-11-19T02:04:45.641Z"}
{"level":"info","message":"Request Initiated | GET | /api-docs/| Req.body: {} |Params: {}| Date: 11/19/2023, 7:49:46 AM}","timestamp":"2023-11-19T02:04:46.197Z"}
{"level":"info","message":"Request Initiated | GET | /api-docs/swagger-ui.css| Req.body: {} |Params: {}| Date: 11/19/2023, 7:49:46 AM}","timestamp":"2023-11-19T02:04:46.242Z"}
{"level":"info","message":"Request Initiated | GET | /api-docs/swagger-ui-bundle.js| Req.body: {} |Params: {}| Date: 11/19/2023, 7:49:46 AM}","timestamp":"2023-11-19T02:04:46.247Z"}
{"level":"info","message":"Request Initiated | GET | /api-docs/swagger-ui-standalone-preset.js| Req.body: {} |Params: {}| Date: 11/19/2023, 7:49:46 AM}","timestamp":"2023-11-19T02:04:46.250Z"}
{"level":"info","message":"Request Initiated | GET | /api-docs/swagger-ui-init.js| Req.body: {} |Params: {}| Date: 11/19/2023, 7:49:46 AM}","timestamp":"2023-11-19T02:04:46.252Z"}
{"level":"info","message":"Request Initiated | GET | /api-docs/favicon-32x32.png| Req.body: {} |Params: {}| Date: 11/19/2023, 7:49:46 AM}","timestamp":"2023-11-19T02:04:46.411Z"}
