{"level":"info","message":"Request Initiated | PUT | /api/users/e14347d2-7eba-4869-8696-55170693c6d1| Req.body: {\"name\":\"John Doe\",\"username\":\"johndoe\",\"password\":\"secret123\",\"email\":\"john@example.com\",\"address\":\"123 Main St, City\",\"phone\":9800761234} |Params: {}| Date: 11/9/2023, 2:03:47 PM}","timestamp":"2023-11-09T08:18:47.651Z"}
{"level":"info","message":"Request Initiated | PUT | /api/users/e14347d2-7eba-4869-8696-55170693c6d1| Req.body: {\"name\":\"John Doe\",\"username\":\"johndoe\",\"password\":\"secret123\",\"address\":\"123 Main St, City\",\"phone\":9800761234} |Params: {}| Date: 11/9/2023, 2:07:42 PM}","timestamp":"2023-11-09T08:22:42.637Z"}
{"level":"info","message":"Request Initiated | PUT | /api/users/e14347d2-7eba-4869-8696-55170693c6d1| Req.body: {\"name\":\"John Doe\",\"password\":\"secret123\",\"address\":\"123 Main St, City\",\"phone\":9800761234} |Params: {}| Date: 11/9/2023, 2:08:58 PM}","timestamp":"2023-11-09T08:23:58.095Z"}
{"level":"info","message":"Request Initiated | PUT | /api/users/e14347d2-7eba-4869-8696-55170693c6d1| Req.body: {\"name\":\"John Doe\",\"password\":\"secret123\",\"address\":\"123 Main St, City\",\"phone\":9800761234} |Params: {}| Date: 11/9/2023, 2:09:19 PM}","timestamp":"2023-11-09T08:24:19.055Z"}
{"level":"info","message":"Request Initiated | DELETE | /api/users/fc64d27b-531b-400e-8c42-70a0ea371da6| Req.body: {} |Params: {}| Date: 11/9/2023, 2:12:16 PM}","timestamp":"2023-11-09T08:27:16.387Z"}
{"level":"info","message":"Request Initiated | DELETE | /api/users/fc64d27b-531b-400e-8c42-70a0ea371da6| Req.body: {} |Params: {}| Date: 11/9/2023, 2:12:40 PM}","timestamp":"2023-11-09T08:27:40.207Z"}
{"level":"info","message":"Request Initiated | DELETE | /api/users/fc64d27b-531b-400e-8c42-70a0ea371da6| Req.body: {} |Params: {}| Date: 11/9/2023, 2:12:52 PM}","timestamp":"2023-11-09T08:27:52.249Z"}
{"level":"info","message":"Request Initiated | POST | /api/users/login| Req.body: {\"username\":\"birav10\",\"password\":\"birav84\"} |Params: {}| Date: 11/9/2023, 2:13:13 PM}","timestamp":"2023-11-09T08:28:13.843Z"}
{"level":"info","message":"Request Initiated | DELETE | /api/users/fc64d27b-531b-400e-8c42-70a0ea371da6| Req.body: {} |Params: {}| Date: 11/9/2023, 2:13:31 PM}","timestamp":"2023-11-09T08:28:31.573Z"}
{"level":"info","message":"Request Initiated | DELETE | /api/users/fc64d27b-531b-400e-8c42-70a0ea371da6| Req.body: {} |Params: {}| Date: 11/9/2023, 2:13:45 PM}","timestamp":"2023-11-09T08:28:45.835Z"}
{"level":"info","message":"Request Initiated | DELETE | /api/users/fc64d27b-531b-400e-8c42-70a0ea371da6| Req.body: {} |Params: {}| Date: 11/9/2023, 2:13:47 PM}","timestamp":"2023-11-09T08:28:47.258Z"}
{"level":"info","message":"Request Initiated | DELETE | /api/users/fc64d27b-531b-400e-8c42-70a0ea371da6| Req.body: {} |Params: {}| Date: 11/9/2023, 2:13:49 PM}","timestamp":"2023-11-09T08:28:49.861Z"}
{"level":"info","message":"Request Initiated | DELETE | /api/users/fc64d27b-531b-400e-8c42-70a0ea371da6| Req.body: {} |Params: {}| Date: 11/9/2023, 2:13:54 PM}","timestamp":"2023-11-09T08:28:54.173Z"}
{"level":"info","message":"Request Initiated | DELETE | /api/users/fc64d27b-531b-400e-8c42-70a0ea371da6| Req.body: {} |Params: {}| Date: 11/9/2023, 2:13:57 PM}","timestamp":"2023-11-09T08:28:57.254Z"}
{"level":"info","message":"Request Initiated | DELETE | /api/users/fc64d27b-531b-400e-8c42-70a0ea371da6| Req.body: {} |Params: {}| Date: 11/9/2023, 2:13:58 PM}","timestamp":"2023-11-09T08:28:58.372Z"}
{"level":"info","message":"Request Initiated | DELETE | /api/users/fc64d27b-531b-400e-8c42-70a0ea371da6| Req.body: {} |Params: {}| Date: 11/9/2023, 2:15:22 PM}","timestamp":"2023-11-09T08:30:22.266Z"}
{"level":"info","message":"Request Initiated | DELETE | /api/users/fc64d27b-531b-400e-8c42-70a0ea371da6| Req.body: {} |Params: {}| Date: 11/9/2023, 2:15:43 PM}","timestamp":"2023-11-09T08:30:43.033Z"}
{"level":"info","message":"Request Initiated | DELETE | /api/users/fc64d27b-531b-400e-8c42-70a0ea371da6| Req.body: {} |Params: {}| Date: 11/9/2023, 2:16:13 PM}","timestamp":"2023-11-09T08:31:13.608Z"}
{"level":"info","message":"Request Initiated | GET | /api/users?page=1&perPage=20| Req.body: {} |Params: {}| Date: 11/9/2023, 2:42:10 PM}","timestamp":"2023-11-09T08:57:10.961Z"}
{"level":"info","message":"Request Initiated | GET | /api/users/4e5046a7-f845-4896-9eae-484358c2c35a| Req.body: {} |Params: {}| Date: 11/9/2023, 2:43:33 PM}","timestamp":"2023-11-09T08:58:33.404Z"}
{"level":"info","message":"Request Initiated | POST | /api/users/login| Req.body: {\"username\":\"birav10\",\"password\":\"birav84\"} |Params: {}| Date: 11/9/2023, 2:47:23 PM}","timestamp":"2023-11-09T09:02:23.655Z"}
{"level":"info","message":"Request Initiated | GET | /api-docs/| Req.body: {} |Params: {}| Date: 11/9/2023, 2:49:49 PM}","timestamp":"2023-11-09T09:04:49.414Z"}
{"level":"info","message":"Request Initiated | GET | /api-docs/swagger-ui.css| Req.body: {} |Params: {}| Date: 11/9/2023, 2:49:49 PM}","timestamp":"2023-11-09T09:04:49.443Z"}
{"level":"info","message":"Request Initiated | GET | /api-docs/swagger-ui-bundle.js| Req.body: {} |Params: {}| Date: 11/9/2023, 2:49:49 PM}","timestamp":"2023-11-09T09:04:49.454Z"}
{"level":"info","message":"Request Initiated | GET | /api-docs/swagger-ui-standalone-preset.js| Req.body: {} |Params: {}| Date: 11/9/2023, 2:49:49 PM}","timestamp":"2023-11-09T09:04:49.459Z"}
{"level":"info","message":"Request Initiated | GET | /api-docs/swagger-ui-init.js| Req.body: {} |Params: {}| Date: 11/9/2023, 2:49:49 PM}","timestamp":"2023-11-09T09:04:49.462Z"}
{"level":"info","message":"Request Initiated | GET | /api-docs/favicon-32x32.png| Req.body: {} |Params: {}| Date: 11/9/2023, 2:49:49 PM}","timestamp":"2023-11-09T09:04:49.756Z"}
