{"level":"info","message":"Request Initiated | GET | /api-docs/| Req.body: {} |Params: {}| Date: 11/20/2023, 8:35:55 PM}","timestamp":"2023-11-20T14:50:55.353Z"}
{"level":"info","message":"Request Initiated | GET | /api-docs/swagger-ui.css| Req.body: {} |Params: {}| Date: 11/20/2023, 8:35:55 PM}","timestamp":"2023-11-20T14:50:55.375Z"}
{"level":"info","message":"Request Initiated | GET | /api-docs/swagger-ui-bundle.js| Req.body: {} |Params: {}| Date: 11/20/2023, 8:35:55 PM}","timestamp":"2023-11-20T14:50:55.382Z"}
{"level":"info","message":"Request Initiated | GET | /api-docs/swagger-ui-standalone-preset.js| Req.body: {} |Params: {}| Date: 11/20/2023, 8:35:55 PM}","timestamp":"2023-11-20T14:50:55.386Z"}
{"level":"info","message":"Request Initiated | GET | /api-docs/swagger-ui-init.js| Req.body: {} |Params: {}| Date: 11/20/2023, 8:35:55 PM}","timestamp":"2023-11-20T14:50:55.509Z"}
{"level":"info","message":"Request Initiated | GET | /api-docs/favicon-32x32.png| Req.body: {} |Params: {}| Date: 11/20/2023, 8:35:59 PM}","timestamp":"2023-11-20T14:50:59.672Z"}
{"level":"info","message":"Request Initiated | GET | /api-docs/| Req.body: {} |Params: {}| Date: 11/20/2023, 8:36:02 PM}","timestamp":"2023-11-20T14:51:02.712Z"}
{"level":"info","message":"Request Initiated | GET | /api-docs/swagger-ui.css| Req.body: {} |Params: {}| Date: 11/20/2023, 8:36:02 PM}","timestamp":"2023-11-20T14:51:02.746Z"}
{"level":"info","message":"Request Initiated | GET | /api-docs/swagger-ui-bundle.js| Req.body: {} |Params: {}| Date: 11/20/2023, 8:36:02 PM}","timestamp":"2023-11-20T14:51:02.754Z"}
{"level":"info","message":"Request Initiated | GET | /api-docs/swagger-ui-standalone-preset.js| Req.body: {} |Params: {}| Date: 11/20/2023, 8:36:02 PM}","timestamp":"2023-11-20T14:51:02.759Z"}
{"level":"info","message":"Request Initiated | GET | /api-docs/swagger-ui-init.js| Req.body: {} |Params: {}| Date: 11/20/2023, 8:36:02 PM}","timestamp":"2023-11-20T14:51:02.764Z"}
{"level":"info","message":"Request Initiated | GET | /api-docs/favicon-32x32.png| Req.body: {} |Params: {}| Date: 11/20/2023, 8:36:02 PM}","timestamp":"2023-11-20T14:51:02.990Z"}
{"level":"info","message":"Request Initiated | GET | /api-docs/| Req.body: {} |Params: {}| Date: 11/20/2023, 8:36:03 PM}","timestamp":"2023-11-20T14:51:03.870Z"}
{"level":"info","message":"Request Initiated | GET | /api-docs/swagger-ui.css| Req.body: {} |Params: {}| Date: 11/20/2023, 8:36:03 PM}","timestamp":"2023-11-20T14:51:03.906Z"}
{"level":"info","message":"Request Initiated | GET | /api-docs/swagger-ui-bundle.js| Req.body: {} |Params: {}| Date: 11/20/2023, 8:36:03 PM}","timestamp":"2023-11-20T14:51:03.909Z"}
{"level":"info","message":"Request Initiated | GET | /api-docs/swagger-ui-standalone-preset.js| Req.body: {} |Params: {}| Date: 11/20/2023, 8:36:03 PM}","timestamp":"2023-11-20T14:51:03.913Z"}
{"level":"info","message":"Request Initiated | GET | /api-docs/swagger-ui-init.js| Req.body: {} |Params: {}| Date: 11/20/2023, 8:36:03 PM}","timestamp":"2023-11-20T14:51:03.920Z"}
{"level":"info","message":"Request Initiated | GET | /api-docs/favicon-32x32.png| Req.body: {} |Params: {}| Date: 11/20/2023, 8:36:04 PM}","timestamp":"2023-11-20T14:51:04.095Z"}
{"level":"info","message":"Request Initiated | GET | /api-docs/| Req.body: {} |Params: {}| Date: 11/20/2023, 8:36:04 PM}","timestamp":"2023-11-20T14:51:04.898Z"}
{"level":"info","message":"Request Initiated | GET | /api-docs/swagger-ui.css| Req.body: {} |Params: {}| Date: 11/20/2023, 8:36:04 PM}","timestamp":"2023-11-20T14:51:04.973Z"}
{"level":"info","message":"Request Initiated | GET | /api-docs/swagger-ui-bundle.js| Req.body: {} |Params: {}| Date: 11/20/2023, 8:36:04 PM}","timestamp":"2023-11-20T14:51:04.975Z"}
{"level":"info","message":"Request Initiated | GET | /api-docs/swagger-ui-standalone-preset.js| Req.body: {} |Params: {}| Date: 11/20/2023, 8:36:04 PM}","timestamp":"2023-11-20T14:51:04.979Z"}
{"level":"info","message":"Request Initiated | GET | /api-docs/swagger-ui-init.js| Req.body: {} |Params: {}| Date: 11/20/2023, 8:36:04 PM}","timestamp":"2023-11-20T14:51:04.981Z"}
{"level":"info","message":"Request Initiated | GET | /api-docs/favicon-32x32.png| Req.body: {} |Params: {}| Date: 11/20/2023, 8:36:05 PM}","timestamp":"2023-11-20T14:51:05.148Z"}
{"level":"info","message":"Request Initiated | GET | /api-docs/| Req.body: {} |Params: {}| Date: 11/20/2023, 8:36:06 PM}","timestamp":"2023-11-20T14:51:06.569Z"}
{"level":"info","message":"Request Initiated | GET | /api-docs/swagger-ui.css| Req.body: {} |Params: {}| Date: 11/20/2023, 8:36:06 PM}","timestamp":"2023-11-20T14:51:06.607Z"}
{"level":"info","message":"Request Initiated | GET | /api-docs/swagger-ui-bundle.js| Req.body: {} |Params: {}| Date: 11/20/2023, 8:36:06 PM}","timestamp":"2023-11-20T14:51:06.620Z"}
{"level":"info","message":"Request Initiated | GET | /api-docs/swagger-ui-standalone-preset.js| Req.body: {} |Params: {}| Date: 11/20/2023, 8:36:06 PM}","timestamp":"2023-11-20T14:51:06.622Z"}
{"level":"info","message":"Request Initiated | GET | /api-docs/swagger-ui-init.js| Req.body: {} |Params: {}| Date: 11/20/2023, 8:36:06 PM}","timestamp":"2023-11-20T14:51:06.625Z"}
{"level":"info","message":"Request Initiated | GET | /api-docs/favicon-32x32.png| Req.body: {} |Params: {}| Date: 11/20/2023, 8:36:06 PM}","timestamp":"2023-11-20T14:51:06.796Z"}
{"level":"info","message":"Request Initiated | GET | /api-docs/| Req.body: {} |Params: {}| Date: 11/20/2023, 8:36:06 PM}","timestamp":"2023-11-20T14:51:06.936Z"}
{"level":"info","message":"Request Initiated | GET | /api-docs/swagger-ui.css| Req.body: {} |Params: {}| Date: 11/20/2023, 8:36:06 PM}","timestamp":"2023-11-20T14:51:06.968Z"}
{"level":"info","message":"Request Initiated | GET | /api-docs/swagger-ui-bundle.js| Req.body: {} |Params: {}| Date: 11/20/2023, 8:36:06 PM}","timestamp":"2023-11-20T14:51:06.972Z"}
{"level":"info","message":"Request Initiated | GET | /api-docs/swagger-ui-standalone-preset.js| Req.body: {} |Params: {}| Date: 11/20/2023, 8:36:06 PM}","timestamp":"2023-11-20T14:51:06.974Z"}
{"level":"info","message":"Request Initiated | GET | /api-docs/swagger-ui-init.js| Req.body: {} |Params: {}| Date: 11/20/2023, 8:36:06 PM}","timestamp":"2023-11-20T14:51:06.979Z"}
{"level":"info","message":"Request Initiated | GET | /api-docs/favicon-32x32.png| Req.body: {} |Params: {}| Date: 11/20/2023, 8:36:07 PM}","timestamp":"2023-11-20T14:51:07.148Z"}
{"level":"info","message":"Request Initiated | GET | /api-docs/| Req.body: {} |Params: {}| Date: 11/20/2023, 8:36:11 PM}","timestamp":"2023-11-20T14:51:11.533Z"}
{"level":"info","message":"Request Initiated | GET | /api-docs/swagger-ui.css| Req.body: {} |Params: {}| Date: 11/20/2023, 8:36:11 PM}","timestamp":"2023-11-20T14:51:11.586Z"}
{"level":"info","message":"Request Initiated | GET | /api-docs/swagger-ui-bundle.js| Req.body: {} |Params: {}| Date: 11/20/2023, 8:36:11 PM}","timestamp":"2023-11-20T14:51:11.588Z"}
{"level":"info","message":"Request Initiated | GET | /api-docs/swagger-ui-standalone-preset.js| Req.body: {} |Params: {}| Date: 11/20/2023, 8:36:11 PM}","timestamp":"2023-11-20T14:51:11.600Z"}
{"level":"info","message":"Request Initiated | GET | /api-docs/swagger-ui-init.js| Req.body: {} |Params: {}| Date: 11/20/2023, 8:36:11 PM}","timestamp":"2023-11-20T14:51:11.603Z"}
{"level":"info","message":"Request Initiated | GET | /api-docs/favicon-32x32.png| Req.body: {} |Params: {}| Date: 11/20/2023, 8:36:11 PM}","timestamp":"2023-11-20T14:51:11.800Z"}
{"level":"info","message":"Request Initiated | GET | /api-docs/| Req.body: {} |Params: {}| Date: 11/20/2023, 8:36:45 PM}","timestamp":"2023-11-20T14:51:45.645Z"}
{"level":"info","message":"Request Initiated | GET | /api-docs/swagger-ui.css| Req.body: {} |Params: {}| Date: 11/20/2023, 8:36:45 PM}","timestamp":"2023-11-20T14:51:45.687Z"}
{"level":"info","message":"Request Initiated | GET | /api-docs/swagger-ui-bundle.js| Req.body: {} |Params: {}| Date: 11/20/2023, 8:36:45 PM}","timestamp":"2023-11-20T14:51:45.695Z"}
{"level":"info","message":"Request Initiated | GET | /api-docs/swagger-ui-standalone-preset.js| Req.body: {} |Params: {}| Date: 11/20/2023, 8:36:45 PM}","timestamp":"2023-11-20T14:51:45.699Z"}
{"level":"info","message":"Request Initiated | GET | /api-docs/swagger-ui-init.js| Req.body: {} |Params: {}| Date: 11/20/2023, 8:36:45 PM}","timestamp":"2023-11-20T14:51:45.700Z"}
{"level":"info","message":"Request Initiated | GET | /api-docs/favicon-32x32.png| Req.body: {} |Params: {}| Date: 11/20/2023, 8:36:45 PM}","timestamp":"2023-11-20T14:51:45.859Z"}
{"level":"info","message":"Request Initiated | GET | /api-docs/| Req.body: {} |Params: {}| Date: 11/20/2023, 8:36:55 PM}","timestamp":"2023-11-20T14:51:55.267Z"}
{"level":"info","message":"Request Initiated | GET | /api-docs/swagger-ui.css| Req.body: {} |Params: {}| Date: 11/20/2023, 8:36:55 PM}","timestamp":"2023-11-20T14:51:55.292Z"}
{"level":"info","message":"Request Initiated | GET | /api-docs/swagger-ui-bundle.js| Req.body: {} |Params: {}| Date: 11/20/2023, 8:36:55 PM}","timestamp":"2023-11-20T14:51:55.294Z"}
{"level":"info","message":"Request Initiated | GET | /api-docs/swagger-ui-standalone-preset.js| Req.body: {} |Params: {}| Date: 11/20/2023, 8:36:55 PM}","timestamp":"2023-11-20T14:51:55.298Z"}
{"level":"info","message":"Request Initiated | GET | /api-docs/swagger-ui-init.js| Req.body: {} |Params: {}| Date: 11/20/2023, 8:36:55 PM}","timestamp":"2023-11-20T14:51:55.308Z"}
{"level":"info","message":"Request Initiated | GET | /api-docs/| Req.body: {} |Params: {}| Date: 11/20/2023, 8:36:55 PM}","timestamp":"2023-11-20T14:51:55.447Z"}
{"level":"info","message":"Request Initiated | GET | /api-docs/swagger-ui.css| Req.body: {} |Params: {}| Date: 11/20/2023, 8:36:55 PM}","timestamp":"2023-11-20T14:51:55.472Z"}
{"level":"info","message":"Request Initiated | GET | /api-docs/swagger-ui-bundle.js| Req.body: {} |Params: {}| Date: 11/20/2023, 8:36:55 PM}","timestamp":"2023-11-20T14:51:55.475Z"}
{"level":"info","message":"Request Initiated | GET | /api-docs/swagger-ui-standalone-preset.js| Req.body: {} |Params: {}| Date: 11/20/2023, 8:36:55 PM}","timestamp":"2023-11-20T14:51:55.479Z"}
{"level":"info","message":"Request Initiated | GET | /api-docs/swagger-ui-init.js| Req.body: {} |Params: {}| Date: 11/20/2023, 8:36:55 PM}","timestamp":"2023-11-20T14:51:55.494Z"}
{"level":"info","message":"Request Initiated | GET | /api-docs/| Req.body: {} |Params: {}| Date: 11/20/2023, 8:37:09 PM}","timestamp":"2023-11-20T14:52:09.216Z"}
{"level":"info","message":"Request Initiated | GET | /api-docs/swagger-ui.css| Req.body: {} |Params: {}| Date: 11/20/2023, 8:37:09 PM}","timestamp":"2023-11-20T14:52:09.261Z"}
{"level":"info","message":"Request Initiated | GET | /api-docs/swagger-ui-bundle.js| Req.body: {} |Params: {}| Date: 11/20/2023, 8:37:09 PM}","timestamp":"2023-11-20T14:52:09.265Z"}
{"level":"info","message":"Request Initiated | GET | /api-docs/swagger-ui-standalone-preset.js| Req.body: {} |Params: {}| Date: 11/20/2023, 8:37:09 PM}","timestamp":"2023-11-20T14:52:09.268Z"}
{"level":"info","message":"Request Initiated | GET | /api-docs/swagger-ui-init.js| Req.body: {} |Params: {}| Date: 11/20/2023, 8:37:09 PM}","timestamp":"2023-11-20T14:52:09.287Z"}
{"level":"info","message":"Request Initiated | GET | /api-docs/| Req.body: {} |Params: {}| Date: 11/20/2023, 8:38:07 PM}","timestamp":"2023-11-20T14:53:07.338Z"}
{"level":"info","message":"Request Initiated | GET | /api-docs/swagger-ui.css| Req.body: {} |Params: {}| Date: 11/20/2023, 8:38:07 PM}","timestamp":"2023-11-20T14:53:07.364Z"}
{"level":"info","message":"Request Initiated | GET | /api-docs/swagger-ui-bundle.js| Req.body: {} |Params: {}| Date: 11/20/2023, 8:38:07 PM}","timestamp":"2023-11-20T14:53:07.370Z"}
{"level":"info","message":"Request Initiated | GET | /api-docs/swagger-ui-standalone-preset.js| Req.body: {} |Params: {}| Date: 11/20/2023, 8:38:07 PM}","timestamp":"2023-11-20T14:53:07.374Z"}
{"level":"info","message":"Request Initiated | GET | /api-docs/swagger-ui-init.js| Req.body: {} |Params: {}| Date: 11/20/2023, 8:38:07 PM}","timestamp":"2023-11-20T14:53:07.396Z"}
{"level":"info","message":"Request Initiated | GET | /api-docs/favicon-32x32.png| Req.body: {} |Params: {}| Date: 11/20/2023, 8:38:08 PM}","timestamp":"2023-11-20T14:53:08.505Z"}
{"level":"info","message":"Request Initiated | GET | /api-docs/| Req.body: {} |Params: {}| Date: 11/20/2023, 8:51:41 PM}","timestamp":"2023-11-20T15:06:41.239Z"}
{"level":"info","message":"Request Initiated | GET | /api-docs/swagger-ui.css| Req.body: {} |Params: {}| Date: 11/20/2023, 8:51:41 PM}","timestamp":"2023-11-20T15:06:41.268Z"}
{"level":"info","message":"Request Initiated | GET | /api-docs/swagger-ui-bundle.js| Req.body: {} |Params: {}| Date: 11/20/2023, 8:51:41 PM}","timestamp":"2023-11-20T15:06:41.278Z"}
{"level":"info","message":"Request Initiated | GET | /api-docs/swagger-ui-standalone-preset.js| Req.body: {} |Params: {}| Date: 11/20/2023, 8:51:41 PM}","timestamp":"2023-11-20T15:06:41.284Z"}
{"level":"info","message":"Request Initiated | GET | /api-docs/swagger-ui-init.js| Req.body: {} |Params: {}| Date: 11/20/2023, 8:51:41 PM}","timestamp":"2023-11-20T15:06:41.287Z"}
{"level":"info","message":"Request Initiated | GET | /api-docs/favicon-32x32.png| Req.body: {} |Params: {}| Date: 11/20/2023, 8:51:41 PM}","timestamp":"2023-11-20T15:06:41.570Z"}
{"level":"info","message":"Request Initiated | GET | /api-docs/| Req.body: {} |Params: {}| Date: 11/20/2023, 8:51:46 PM}","timestamp":"2023-11-20T15:06:46.362Z"}
{"level":"info","message":"Request Initiated | GET | /api-docs/swagger-ui.css| Req.body: {} |Params: {}| Date: 11/20/2023, 8:51:46 PM}","timestamp":"2023-11-20T15:06:46.395Z"}
{"level":"info","message":"Request Initiated | GET | /api-docs/swagger-ui-bundle.js| Req.body: {} |Params: {}| Date: 11/20/2023, 8:51:46 PM}","timestamp":"2023-11-20T15:06:46.399Z"}
{"level":"info","message":"Request Initiated | GET | /api-docs/swagger-ui-standalone-preset.js| Req.body: {} |Params: {}| Date: 11/20/2023, 8:51:46 PM}","timestamp":"2023-11-20T15:06:46.403Z"}
{"level":"info","message":"Request Initiated | GET | /api-docs/swagger-ui-init.js| Req.body: {} |Params: {}| Date: 11/20/2023, 8:51:46 PM}","timestamp":"2023-11-20T15:06:46.409Z"}
{"level":"info","message":"Request Initiated | GET | /api-docs/| Req.body: {} |Params: {}| Date: 11/20/2023, 8:53:34 PM}","timestamp":"2023-11-20T15:08:34.115Z"}
{"level":"info","message":"Request Initiated | GET | /api-docs/swagger-ui.css| Req.body: {} |Params: {}| Date: 11/20/2023, 8:53:34 PM}","timestamp":"2023-11-20T15:08:34.194Z"}
{"level":"info","message":"Request Initiated | GET | /api-docs/swagger-ui-bundle.js| Req.body: {} |Params: {}| Date: 11/20/2023, 8:53:34 PM}","timestamp":"2023-11-20T15:08:34.198Z"}
{"level":"info","message":"Request Initiated | GET | /api-docs/swagger-ui-standalone-preset.js| Req.body: {} |Params: {}| Date: 11/20/2023, 8:53:34 PM}","timestamp":"2023-11-20T15:08:34.213Z"}
{"level":"info","message":"Request Initiated | GET | /api-docs/swagger-ui-init.js| Req.body: {} |Params: {}| Date: 11/20/2023, 8:53:34 PM}","timestamp":"2023-11-20T15:08:34.256Z"}
{"level":"info","message":"Request Initiated | GET | /api-docs/swagger-ui.css| Req.body: {} |Params: {}| Date: 11/20/2023, 8:54:30 PM}","timestamp":"2023-11-20T15:09:30.353Z"}
{"level":"info","message":"Request Initiated | GET | /api-docs/swagger-ui-bundle.js.map| Req.body: {} |Params: {}| Date: 11/20/2023, 8:54:30 PM}","timestamp":"2023-11-20T15:09:30.778Z"}
{"level":"info","message":"Request Initiated | GET | /api-docs/swagger-ui-standalone-preset.js.map| Req.body: {} |Params: {}| Date: 11/20/2023, 8:54:30 PM}","timestamp":"2023-11-20T15:09:30.785Z"}
{"level":"info","message":"Request Initiated | GET | /api-docs/swagger-ui.css.map| Req.body: {} |Params: {}| Date: 11/20/2023, 8:54:30 PM}","timestamp":"2023-11-20T15:09:30.862Z"}
{"level":"info","message":"Request Initiated | GET | /api-docs/| Req.body: {} |Params: {}| Date: 11/20/2023, 8:57:00 PM}","timestamp":"2023-11-20T15:12:00.986Z"}
{"level":"info","message":"Request Initiated | GET | /api-docs/swagger-ui.css| Req.body: {} |Params: {}| Date: 11/20/2023, 8:57:01 PM}","timestamp":"2023-11-20T15:12:01.038Z"}
{"level":"info","message":"Request Initiated | GET | /api-docs/swagger-ui-bundle.js| Req.body: {} |Params: {}| Date: 11/20/2023, 8:57:01 PM}","timestamp":"2023-11-20T15:12:01.046Z"}
{"level":"info","message":"Request Initiated | GET | /api-docs/swagger-ui-standalone-preset.js| Req.body: {} |Params: {}| Date: 11/20/2023, 8:57:01 PM}","timestamp":"2023-11-20T15:12:01.050Z"}
{"level":"info","message":"Request Initiated | GET | /api-docs/swagger-ui-init.js| Req.body: {} |Params: {}| Date: 11/20/2023, 8:57:01 PM}","timestamp":"2023-11-20T15:12:01.120Z"}
{"level":"info","message":"Request Initiated | GET | /api-docs/swagger-ui.css.map| Req.body: {} |Params: {}| Date: 11/20/2023, 8:57:01 PM}","timestamp":"2023-11-20T15:12:01.163Z"}
{"level":"info","message":"Request Initiated | GET | /api-docs/swagger-ui-bundle.js.map| Req.body: {} |Params: {}| Date: 11/20/2023, 8:57:01 PM}","timestamp":"2023-11-20T15:12:01.457Z"}
{"level":"info","message":"Request Initiated | GET | /api-docs/swagger-ui-standalone-preset.js.map| Req.body: {} |Params: {}| Date: 11/20/2023, 8:57:01 PM}","timestamp":"2023-11-20T15:12:01.660Z"}
{"level":"info","message":"Request Initiated | GET | /api-docs/favicon-32x32.png| Req.body: {} |Params: {}| Date: 11/20/2023, 8:57:01 PM}","timestamp":"2023-11-20T15:12:01.861Z"}
{"level":"info","message":"Request Initiated | GET | /api-docs/| Req.body: {} |Params: {}| Date: 11/20/2023, 8:59:38 PM}","timestamp":"2023-11-20T15:14:38.068Z"}
{"level":"info","message":"Request Initiated | GET | /api-docs/swagger-ui.css| Req.body: {} |Params: {}| Date: 11/20/2023, 8:59:38 PM}","timestamp":"2023-11-20T15:14:38.098Z"}
{"level":"info","message":"Request Initiated | GET | /api-docs/swagger-ui-bundle.js| Req.body: {} |Params: {}| Date: 11/20/2023, 8:59:38 PM}","timestamp":"2023-11-20T15:14:38.105Z"}
{"level":"info","message":"Request Initiated | GET | /api-docs/swagger-ui-standalone-preset.js| Req.body: {} |Params: {}| Date: 11/20/2023, 8:59:38 PM}","timestamp":"2023-11-20T15:14:38.114Z"}
{"level":"info","message":"Request Initiated | GET | /api-docs/swagger-ui-init.js| Req.body: {} |Params: {}| Date: 11/20/2023, 8:59:38 PM}","timestamp":"2023-11-20T15:14:38.119Z"}
{"level":"info","message":"Request Initiated | GET | /api-docs/favicon-32x32.png| Req.body: {} |Params: {}| Date: 11/20/2023, 8:59:38 PM}","timestamp":"2023-11-20T15:14:38.597Z"}
