{"level":"info","message":"Request Initiated | GET | /api-docs/| Req.body: {} |Params: {}| Date: 11/10/2023, 12:04:19 PM}","timestamp":"2023-11-10T06:19:19.311Z"}
{"level":"info","message":"Request Initiated | GET | /api-docs/swagger-ui.css| Req.body: {} |Params: {}| Date: 11/10/2023, 12:04:19 PM}","timestamp":"2023-11-10T06:19:19.339Z"}
{"level":"info","message":"Request Initiated | GET | /api-docs/swagger-ui-bundle.js| Req.body: {} |Params: {}| Date: 11/10/2023, 12:04:19 PM}","timestamp":"2023-11-10T06:19:19.346Z"}
{"level":"info","message":"Request Initiated | GET | /api-docs/swagger-ui-standalone-preset.js| Req.body: {} |Params: {}| Date: 11/10/2023, 12:04:19 PM}","timestamp":"2023-11-10T06:19:19.349Z"}
{"level":"info","message":"Request Initiated | GET | /api-docs/swagger-ui-init.js| Req.body: {} |Params: {}| Date: 11/10/2023, 12:04:19 PM}","timestamp":"2023-11-10T06:19:19.354Z"}
{"level":"info","message":"Request Initiated | GET | /api/users| Req.body: {} |Params: {}| Date: 11/10/2023, 12:04:28 PM}","timestamp":"2023-11-10T06:19:28.750Z"}
{"level":"info","message":"Request Initiated | GET | /api/users| Req.body: {} |Params: {}| Date: 11/10/2023, 12:04:43 PM}","timestamp":"2023-11-10T06:19:43.862Z"}
{"level":"info","message":"Request Initiated | GET | /api/users/55bf13e2-4f68-4c60-b921-fa5f1e1e39dc| Req.body: {} |Params: {}| Date: 11/10/2023, 12:05:09 PM}","timestamp":"2023-11-10T06:20:09.726Z"}
{"level":"info","message":"Request Initiated | PUT | /api/users/55bf13e2-4f68-4c60-b921-fa5f1e1e39dc| Req.body: {\"name\":\"Joh\",\"username\":\"johndoe\",\"password\":\"secret123\",\"email\":\"john@example.com\",\"address\":\"123 Main St, City\",\"phone\":9800761234} |Params: {}| Date: 11/10/2023, 12:05:31 PM}","timestamp":"2023-11-10T06:20:31.910Z"}
{"level":"info","message":"Request Initiated | GET | /api/users| Req.body: {} |Params: {}| Date: 11/10/2023, 12:05:47 PM}","timestamp":"2023-11-10T06:20:47.443Z"}
{"level":"info","message":"Request Initiated | POST | /api/users/login| Req.body: {\"username\":\"bishal10\",\"password\":\"bishal84\"} |Params: {}| Date: 11/10/2023, 12:06:24 PM}","timestamp":"2023-11-10T06:21:24.872Z"}
{"level":"info","message":"Request Initiated | GET | /api/users| Req.body: {} |Params: {}| Date: 11/10/2023, 12:07:06 PM}","timestamp":"2023-11-10T06:22:06.985Z"}
{"level":"info","message":"Request Initiated | DELETE | /api/users/55bf13e2-4f68-4c60-b921-fa5f1e1e39dc| Req.body: {} |Params: {}| Date: 11/10/2023, 12:07:20 PM}","timestamp":"2023-11-10T06:22:20.100Z"}
{"level":"info","message":"Request Initiated | GET | /api-docs/| Req.body: {} |Params: {}| Date: 11/10/2023, 12:10:24 PM}","timestamp":"2023-11-10T06:25:24.942Z"}
{"level":"info","message":"Request Initiated | GET | /api-docs/swagger-ui.css| Req.body: {} |Params: {}| Date: 11/10/2023, 12:10:24 PM}","timestamp":"2023-11-10T06:25:24.970Z"}
{"level":"info","message":"Request Initiated | GET | /api-docs/swagger-ui-bundle.js| Req.body: {} |Params: {}| Date: 11/10/2023, 12:10:24 PM}","timestamp":"2023-11-10T06:25:24.974Z"}
{"level":"info","message":"Request Initiated | GET | /api-docs/swagger-ui-standalone-preset.js| Req.body: {} |Params: {}| Date: 11/10/2023, 12:10:24 PM}","timestamp":"2023-11-10T06:25:24.982Z"}
{"level":"info","message":"Request Initiated | GET | /api-docs/swagger-ui-init.js| Req.body: {} |Params: {}| Date: 11/10/2023, 12:10:24 PM}","timestamp":"2023-11-10T06:25:24.984Z"}
{"level":"info","message":"Request Initiated | GET | /api-docs/favicon-32x32.png| Req.body: {} |Params: {}| Date: 11/10/2023, 12:10:25 PM}","timestamp":"2023-11-10T06:25:25.268Z"}
{"level":"info","message":"Request Initiated | GET | /api/users| Req.body: {} |Params: {}| Date: 11/10/2023, 12:10:34 PM}","timestamp":"2023-11-10T06:25:34.895Z"}
{"level":"info","message":"Request Initiated | POST | /api/users/login| Req.body: {\"username\":\"bishal10\",\"password\":\"bishal84\"} |Params: {}| Date: 11/10/2023, 12:11:16 PM}","timestamp":"2023-11-10T06:26:16.404Z"}
{"level":"info","message":"Request Initiated | DELETE | /api/users/55bf13e2-4f68-4c60-b921-fa5f1e1e39dc| Req.body: {} |Params: {}| Date: 11/10/2023, 12:11:31 PM}","timestamp":"2023-11-10T06:26:31.083Z"}
{"level":"info","message":"Request Initiated | DELETE | /api/users/55bf13e2-4f68-4c60-b921-fa5f1e1e39dc| Req.body: {} |Params: {}| Date: 11/10/2023, 12:11:34 PM}","timestamp":"2023-11-10T06:26:34.806Z"}
{"level":"info","message":"Request Initiated | DELETE | /api/users/55bf13e2-4f68-4c60-b921-fa5f1e1e39dc| Req.body: {} |Params: {}| Date: 11/10/2023, 12:11:36 PM}","timestamp":"2023-11-10T06:26:36.000Z"}
{"level":"info","message":"Request Initiated | DELETE | /api/users/55bf13e2-4f68-4c60-b921-fa5f1e1e39dc| Req.body: {} |Params: {}| Date: 11/10/2023, 12:11:52 PM}","timestamp":"2023-11-10T06:26:52.494Z"}
{"level":"info","message":"Request Initiated | GET | /api-docs/| Req.body: {} |Params: {}| Date: 11/10/2023, 12:14:02 PM}","timestamp":"2023-11-10T06:29:02.350Z"}
{"level":"info","message":"Request Initiated | GET | /api-docs/swagger-ui.css| Req.body: {} |Params: {}| Date: 11/10/2023, 12:14:02 PM}","timestamp":"2023-11-10T06:29:02.380Z"}
{"level":"info","message":"Request Initiated | GET | /api-docs/swagger-ui-bundle.js| Req.body: {} |Params: {}| Date: 11/10/2023, 12:14:02 PM}","timestamp":"2023-11-10T06:29:02.384Z"}
{"level":"info","message":"Request Initiated | GET | /api-docs/swagger-ui-standalone-preset.js| Req.body: {} |Params: {}| Date: 11/10/2023, 12:14:02 PM}","timestamp":"2023-11-10T06:29:02.391Z"}
{"level":"info","message":"Request Initiated | GET | /api-docs/swagger-ui-init.js| Req.body: {} |Params: {}| Date: 11/10/2023, 12:14:02 PM}","timestamp":"2023-11-10T06:29:02.396Z"}
{"level":"info","message":"Request Initiated | GET | /api-docs/favicon-32x32.png| Req.body: {} |Params: {}| Date: 11/10/2023, 12:14:02 PM}","timestamp":"2023-11-10T06:29:02.710Z"}
{"level":"info","message":"Request Initiated | GET | /api/users| Req.body: {} |Params: {}| Date: 11/10/2023, 12:14:21 PM}","timestamp":"2023-11-10T06:29:21.722Z"}
{"level":"info","message":"Request Initiated | POST | /api/users/login| Req.body: {\"username\":\"bishal10\",\"password\":\"bishal84\"} |Params: {}| Date: 11/10/2023, 12:15:00 PM}","timestamp":"2023-11-10T06:30:00.715Z"}
{"level":"info","message":"Request Initiated | DELETE | /api/users/55bf13e2-4f68-4c60-b921-fa5f1e1e39dc| Req.body: {} |Params: {}| Date: 11/10/2023, 12:15:13 PM}","timestamp":"2023-11-10T06:30:13.849Z"}
{"level":"info","message":"Request Initiated | DELETE | /api/users/55bf13e2-4f68-4c60-b921-fa5f1e1e39dc| Req.body: {} |Params: {}| Date: 11/10/2023, 12:15:24 PM}","timestamp":"2023-11-10T06:30:24.510Z"}
{"level":"info","message":"Request Initiated | DELETE | /api/users/55bf13e2-4f68-4c60-b921-fa5f1e1e39dc| Req.body: {} |Params: {}| Date: 11/10/2023, 12:15:26 PM}","timestamp":"2023-11-10T06:30:26.086Z"}
{"level":"info","message":"Request Initiated | DELETE | /api/users/55bf13e2-4f68-4c60-b921-fa5f1e1e39dc| Req.body: {} |Params: {}| Date: 11/10/2023, 12:15:26 PM}","timestamp":"2023-11-10T06:30:26.184Z"}
{"level":"info","message":"Request Initiated | DELETE | /api/users/55bf13e2-4f68-4c60-b921-fa5f1e1e39dc| Req.body: {} |Params: {}| Date: 11/10/2023, 12:15:26 PM}","timestamp":"2023-11-10T06:30:26.295Z"}
{"level":"info","message":"Request Initiated | DELETE | /api/users/55bf13e2-4f68-4c60-b921-fa5f1e1e39dc| Req.body: {} |Params: {}| Date: 11/10/2023, 12:15:26 PM}","timestamp":"2023-11-10T06:30:26.412Z"}
{"level":"info","message":"Request Initiated | DELETE | /api/users/55bf13e2-4f68-4c60-b921-fa5f1e1e39dc| Req.body: {} |Params: {}| Date: 11/10/2023, 12:15:26 PM}","timestamp":"2023-11-10T06:30:26.518Z"}
{"level":"info","message":"Request Initiated | DELETE | /api/users/55bf13e2-4f68-4c60-b921-fa5f1e1e39dc| Req.body: {} |Params: {}| Date: 11/10/2023, 12:15:26 PM}","timestamp":"2023-11-10T06:30:26.618Z"}
{"level":"info","message":"Request Initiated | DELETE | /api/users/55bf13e2-4f68-4c60-b921-fa5f1e1e39dc| Req.body: {} |Params: {}| Date: 11/10/2023, 12:15:26 PM}","timestamp":"2023-11-10T06:30:26.716Z"}
{"level":"info","message":"Request Initiated | DELETE | /api/users/55bf13e2-4f68-4c60-b921-fa5f1e1e39dc| Req.body: {} |Params: {}| Date: 11/10/2023, 12:15:26 PM}","timestamp":"2023-11-10T06:30:26.807Z"}
{"level":"info","message":"Request Initiated | DELETE | /api/users/55bf13e2-4f68-4c60-b921-fa5f1e1e39dc| Req.body: {} |Params: {}| Date: 11/10/2023, 12:15:26 PM}","timestamp":"2023-11-10T06:30:26.899Z"}
{"level":"info","message":"Request Initiated | DELETE | /api/users/55bf13e2-4f68-4c60-b921-fa5f1e1e39dc| Req.body: {} |Params: {}| Date: 11/10/2023, 12:15:26 PM}","timestamp":"2023-11-10T06:30:26.987Z"}
{"level":"info","message":"Request Initiated | DELETE | /api/users/55bf13e2-4f68-4c60-b921-fa5f1e1e39dc| Req.body: {} |Params: {}| Date: 11/10/2023, 12:15:27 PM}","timestamp":"2023-11-10T06:30:27.077Z"}
{"level":"info","message":"Request Initiated | DELETE | /api/users/55bf13e2-4f68-4c60-b921-fa5f1e1e39dc| Req.body: {} |Params: {}| Date: 11/10/2023, 12:15:27 PM}","timestamp":"2023-11-10T06:30:27.189Z"}
{"level":"info","message":"Request Initiated | DELETE | /api/users/55bf13e2-4f68-4c60-b921-fa5f1e1e39dc| Req.body: {} |Params: {}| Date: 11/10/2023, 12:15:27 PM}","timestamp":"2023-11-10T06:30:27.288Z"}
{"level":"info","message":"Request Initiated | DELETE | /api/users/55bf13e2-4f68-4c60-b921-fa5f1e1e39dc| Req.body: {} |Params: {}| Date: 11/10/2023, 12:15:27 PM}","timestamp":"2023-11-10T06:30:27.386Z"}
{"level":"info","message":"Request Initiated | DELETE | /api/users/55bf13e2-4f68-4c60-b921-fa5f1e1e39dc| Req.body: {} |Params: {}| Date: 11/10/2023, 12:15:27 PM}","timestamp":"2023-11-10T06:30:27.475Z"}
{"level":"info","message":"Request Initiated | DELETE | /api/users/55bf13e2-4f68-4c60-b921-fa5f1e1e39dc| Req.body: {} |Params: {}| Date: 11/10/2023, 12:15:27 PM}","timestamp":"2023-11-10T06:30:27.568Z"}
{"level":"info","message":"Request Initiated | DELETE | /api/users/55bf13e2-4f68-4c60-b921-fa5f1e1e39dc| Req.body: {} |Params: {}| Date: 11/10/2023, 12:15:27 PM}","timestamp":"2023-11-10T06:30:27.660Z"}
{"level":"info","message":"Request Initiated | DELETE | /api/users/55bf13e2-4f68-4c60-b921-fa5f1e1e39dc| Req.body: {} |Params: {}| Date: 11/10/2023, 12:15:27 PM}","timestamp":"2023-11-10T06:30:27.773Z"}
{"level":"info","message":"Request Initiated | DELETE | /api/users/55bf13e2-4f68-4c60-b921-fa5f1e1e39dc| Req.body: {} |Params: {}| Date: 11/10/2023, 12:15:27 PM}","timestamp":"2023-11-10T06:30:27.900Z"}
{"level":"info","message":"Request Initiated | DELETE | /api/users/55bf13e2-4f68-4c60-b921-fa5f1e1e39dc| Req.body: {} |Params: {}| Date: 11/10/2023, 12:15:28 PM}","timestamp":"2023-11-10T06:30:28.012Z"}
{"level":"info","message":"Request Initiated | DELETE | /api/users/55bf13e2-4f68-4c60-b921-fa5f1e1e39dc| Req.body: {} |Params: {}| Date: 11/10/2023, 12:15:28 PM}","timestamp":"2023-11-10T06:30:28.113Z"}
{"level":"info","message":"Request Initiated | DELETE | /api/users/55bf13e2-4f68-4c60-b921-fa5f1e1e39dc| Req.body: {} |Params: {}| Date: 11/10/2023, 12:15:28 PM}","timestamp":"2023-11-10T06:30:28.210Z"}
{"level":"info","message":"Request Initiated | DELETE | /api/users/55bf13e2-4f68-4c60-b921-fa5f1e1e39dc| Req.body: {} |Params: {}| Date: 11/10/2023, 12:15:28 PM}","timestamp":"2023-11-10T06:30:28.307Z"}
{"level":"info","message":"Request Initiated | DELETE | /api/users/55bf13e2-4f68-4c60-b921-fa5f1e1e39dc| Req.body: {} |Params: {}| Date: 11/10/2023, 12:15:28 PM}","timestamp":"2023-11-10T06:30:28.408Z"}
{"level":"info","message":"Request Initiated | DELETE | /api/users/55bf13e2-4f68-4c60-b921-fa5f1e1e39dc| Req.body: {} |Params: {}| Date: 11/10/2023, 12:15:28 PM}","timestamp":"2023-11-10T06:30:28.537Z"}
{"level":"info","message":"Request Initiated | DELETE | /api/users/55bf13e2-4f68-4c60-b921-fa5f1e1e39dc| Req.body: {} |Params: {}| Date: 11/10/2023, 12:15:28 PM}","timestamp":"2023-11-10T06:30:28.628Z"}
{"level":"info","message":"Request Initiated | DELETE | /api/users/55bf13e2-4f68-4c60-b921-fa5f1e1e39dc| Req.body: {} |Params: {}| Date: 11/10/2023, 12:15:28 PM}","timestamp":"2023-11-10T06:30:28.730Z"}
{"level":"info","message":"Request Initiated | DELETE | /api/users/55bf13e2-4f68-4c60-b921-fa5f1e1e39dc| Req.body: {} |Params: {}| Date: 11/10/2023, 12:15:28 PM}","timestamp":"2023-11-10T06:30:28.852Z"}
{"level":"info","message":"Request Initiated | DELETE | /api/users/55bf13e2-4f68-4c60-b921-fa5f1e1e39dc| Req.body: {} |Params: {}| Date: 11/10/2023, 12:15:29 PM}","timestamp":"2023-11-10T06:30:29.029Z"}
{"level":"info","message":"Request Initiated | DELETE | /api/users/55bf13e2-4f68-4c60-b921-fa5f1e1e39dc| Req.body: {} |Params: {}| Date: 11/10/2023, 12:15:29 PM}","timestamp":"2023-11-10T06:30:29.141Z"}
{"level":"info","message":"Request Initiated | DELETE | /api/users/55bf13e2-4f68-4c60-b921-fa5f1e1e39dc| Req.body: {} |Params: {}| Date: 11/10/2023, 12:15:29 PM}","timestamp":"2023-11-10T06:30:29.330Z"}
{"level":"info","message":"Request Initiated | DELETE | /api/users/55bf13e2-4f68-4c60-b921-fa5f1e1e39dc| Req.body: {} |Params: {}| Date: 11/10/2023, 12:15:29 PM}","timestamp":"2023-11-10T06:30:29.504Z"}
{"level":"info","message":"Request Initiated | DELETE | /api/users/55bf13e2-4f68-4c60-b921-fa5f1e1e39dc| Req.body: {} |Params: {}| Date: 11/10/2023, 12:15:29 PM}","timestamp":"2023-11-10T06:30:29.716Z"}
{"level":"info","message":"Request Initiated | DELETE | /api/users/55bf13e2-4f68-4c60-b921-fa5f1e1e39dc| Req.body: {} |Params: {}| Date: 11/10/2023, 12:15:29 PM}","timestamp":"2023-11-10T06:30:29.825Z"}
{"level":"info","message":"Request Initiated | DELETE | /api/users/55bf13e2-4f68-4c60-b921-fa5f1e1e39dc| Req.body: {} |Params: {}| Date: 11/10/2023, 12:15:29 PM}","timestamp":"2023-11-10T06:30:29.957Z"}
{"level":"info","message":"Request Initiated | DELETE | /api/users/55bf13e2-4f68-4c60-b921-fa5f1e1e39dc| Req.body: {} |Params: {}| Date: 11/10/2023, 12:15:30 PM}","timestamp":"2023-11-10T06:30:30.087Z"}
{"level":"info","message":"Request Initiated | DELETE | /api/users/55bf13e2-4f68-4c60-b921-fa5f1e1e39dc| Req.body: {} |Params: {}| Date: 11/10/2023, 12:15:30 PM}","timestamp":"2023-11-10T06:30:30.206Z"}
{"level":"info","message":"Request Initiated | DELETE | /api/users/55bf13e2-4f68-4c60-b921-fa5f1e1e39dc| Req.body: {} |Params: {}| Date: 11/10/2023, 12:15:30 PM}","timestamp":"2023-11-10T06:30:30.309Z"}
{"level":"info","message":"Request Initiated | DELETE | /api/users/55bf13e2-4f68-4c60-b921-fa5f1e1e39dc| Req.body: {} |Params: {}| Date: 11/10/2023, 12:15:30 PM}","timestamp":"2023-11-10T06:30:30.422Z"}
{"level":"info","message":"Request Initiated | DELETE | /api/users/55bf13e2-4f68-4c60-b921-fa5f1e1e39dc| Req.body: {} |Params: {}| Date: 11/10/2023, 12:15:30 PM}","timestamp":"2023-11-10T06:30:30.551Z"}
{"level":"info","message":"Request Initiated | DELETE | /api/users/55bf13e2-4f68-4c60-b921-fa5f1e1e39dc| Req.body: {} |Params: {}| Date: 11/10/2023, 12:15:30 PM}","timestamp":"2023-11-10T06:30:30.656Z"}
{"level":"info","message":"Request Initiated | DELETE | /api/users/55bf13e2-4f68-4c60-b921-fa5f1e1e39dc| Req.body: {} |Params: {}| Date: 11/10/2023, 12:15:30 PM}","timestamp":"2023-11-10T06:30:30.781Z"}
{"level":"info","message":"Request Initiated | DELETE | /api/users/55bf13e2-4f68-4c60-b921-fa5f1e1e39dc| Req.body: {} |Params: {}| Date: 11/10/2023, 12:15:30 PM}","timestamp":"2023-11-10T06:30:30.901Z"}
{"level":"info","message":"Request Initiated | DELETE | /api/users/55bf13e2-4f68-4c60-b921-fa5f1e1e39dc| Req.body: {} |Params: {}| Date: 11/10/2023, 12:15:31 PM}","timestamp":"2023-11-10T06:30:31.021Z"}
{"level":"info","message":"Request Initiated | DELETE | /api/users/55bf13e2-4f68-4c60-b921-fa5f1e1e39dc| Req.body: {} |Params: {}| Date: 11/10/2023, 12:15:31 PM}","timestamp":"2023-11-10T06:30:31.120Z"}
{"level":"info","message":"Request Initiated | DELETE | /api/users/55bf13e2-4f68-4c60-b921-fa5f1e1e39dc| Req.body: {} |Params: {}| Date: 11/10/2023, 12:15:31 PM}","timestamp":"2023-11-10T06:30:31.246Z"}
{"level":"info","message":"Request Initiated | DELETE | /api/users/55bf13e2-4f68-4c60-b921-fa5f1e1e39dc| Req.body: {} |Params: {}| Date: 11/10/2023, 12:15:31 PM}","timestamp":"2023-11-10T06:30:31.508Z"}
{"level":"info","message":"Request Initiated | DELETE | /api/users/55bf13e2-4f68-4c60-b921-fa5f1e1e39dc| Req.body: {} |Params: {}| Date: 11/10/2023, 12:15:32 PM}","timestamp":"2023-11-10T06:30:32.601Z"}
{"level":"info","message":"Request Initiated | DELETE | /api/users/55bf13e2-4f68-4c60-b921-fa5f1e1e39dc| Req.body: {} |Params: {}| Date: 11/10/2023, 12:15:33 PM}","timestamp":"2023-11-10T06:30:33.646Z"}
{"level":"info","message":"Request Initiated | DELETE | /api/users/55bf13e2-4f68-4c60-b921-fa5f1e1e39dc| Req.body: {} |Params: {}| Date: 11/10/2023, 12:15:33 PM}","timestamp":"2023-11-10T06:30:33.766Z"}
{"level":"info","message":"Request Initiated | DELETE | /api/users/55bf13e2-4f68-4c60-b921-fa5f1e1e39dc| Req.body: {} |Params: {}| Date: 11/10/2023, 12:15:33 PM}","timestamp":"2023-11-10T06:30:33.898Z"}
{"level":"info","message":"Request Initiated | DELETE | /api/users/55bf13e2-4f68-4c60-b921-fa5f1e1e39dc| Req.body: {} |Params: {}| Date: 11/10/2023, 12:15:34 PM}","timestamp":"2023-11-10T06:30:34.005Z"}
{"level":"info","message":"Request Initiated | DELETE | /api/users/55bf13e2-4f68-4c60-b921-fa5f1e1e39dc| Req.body: {} |Params: {}| Date: 11/10/2023, 12:15:34 PM}","timestamp":"2023-11-10T06:30:34.099Z"}
{"level":"info","message":"Request Initiated | DELETE | /api/users/55bf13e2-4f68-4c60-b921-fa5f1e1e39dc| Req.body: {} |Params: {}| Date: 11/10/2023, 12:15:34 PM}","timestamp":"2023-11-10T06:30:34.212Z"}
{"level":"info","message":"Request Initiated | DELETE | /api/users/55bf13e2-4f68-4c60-b921-fa5f1e1e39dc| Req.body: {} |Params: {}| Date: 11/10/2023, 12:15:34 PM}","timestamp":"2023-11-10T06:30:34.312Z"}
{"level":"info","message":"Request Initiated | DELETE | /api/users/55bf13e2-4f68-4c60-b921-fa5f1e1e39dc| Req.body: {} |Params: {}| Date: 11/10/2023, 12:15:34 PM}","timestamp":"2023-11-10T06:30:34.402Z"}
{"level":"info","message":"Request Initiated | DELETE | /api/users/55bf13e2-4f68-4c60-b921-fa5f1e1e39dc| Req.body: {} |Params: {}| Date: 11/10/2023, 12:15:34 PM}","timestamp":"2023-11-10T06:30:34.513Z"}
{"level":"info","message":"Request Initiated | DELETE | /api/users/55bf13e2-4f68-4c60-b921-fa5f1e1e39dc| Req.body: {} |Params: {}| Date: 11/10/2023, 12:15:34 PM}","timestamp":"2023-11-10T06:30:34.623Z"}
{"level":"info","message":"Request Initiated | DELETE | /api/users/55bf13e2-4f68-4c60-b921-fa5f1e1e39dc| Req.body: {} |Params: {}| Date: 11/10/2023, 12:15:34 PM}","timestamp":"2023-11-10T06:30:34.715Z"}
{"level":"info","message":"Request Initiated | DELETE | /api/users/55bf13e2-4f68-4c60-b921-fa5f1e1e39dc| Req.body: {} |Params: {}| Date: 11/10/2023, 12:15:34 PM}","timestamp":"2023-11-10T06:30:34.805Z"}
{"level":"info","message":"Request Initiated | DELETE | /api/users/55bf13e2-4f68-4c60-b921-fa5f1e1e39dc| Req.body: {} |Params: {}| Date: 11/10/2023, 12:15:34 PM}","timestamp":"2023-11-10T06:30:34.904Z"}
{"level":"info","message":"Request Initiated | DELETE | /api/users/55bf13e2-4f68-4c60-b921-fa5f1e1e39dc| Req.body: {} |Params: {}| Date: 11/10/2023, 12:15:35 PM}","timestamp":"2023-11-10T06:30:35.218Z"}
{"level":"info","message":"Request Initiated | DELETE | /api/users/55bf13e2-4f68-4c60-b921-fa5f1e1e39dc| Req.body: {} |Params: {}| Date: 11/10/2023, 12:16:12 PM}","timestamp":"2023-11-10T06:31:12.592Z"}
{"level":"info","message":"Request Initiated | DELETE | /api/users/55bf13e2-4f68-4c60-b921-fa5f1e1e39dc| Req.body: {} |Params: {}| Date: 11/10/2023, 12:16:36 PM}","timestamp":"2023-11-10T06:31:36.166Z"}
{"level":"info","message":"Request Initiated | GET | /api/users/55bf13e2-4f68-4c60-b921-fa5f1e1e39dc| Req.body: {} |Params: {}| Date: 11/10/2023, 12:19:45 PM}","timestamp":"2023-11-10T06:34:45.402Z"}
