{"level":"info","message":"Request Initiated | DELETE | /api/users/82a5b23d-1135-4b10-a826-0e67b2970f83| Req.body: {} |Params: {}| Date: 11/18/2023, 10:00:14 AM}","timestamp":"2023-11-18T04:15:14.382Z"}
{"level":"info","message":"Request Initiated | DELETE | /api/users/82a5b23d-1135-4b10-a826-0e67b2970f83| Req.body: {} |Params: {}| Date: 11/18/2023, 10:00:26 AM}","timestamp":"2023-11-18T04:15:26.544Z"}
{"level":"info","message":"Request Initiated | DELETE | /api/users/82a5b23d-1135-4b10-a826-0e67b2970f83| Req.body: {} |Params: {}| Date: 11/18/2023, 10:00:29 AM}","timestamp":"2023-11-18T04:15:29.361Z"}
{"level":"info","message":"Request Initiated | GET | /api-docs/| Req.body: {} |Params: {}| Date: 11/18/2023, 10:03:27 AM}","timestamp":"2023-11-18T04:18:27.378Z"}
{"level":"info","message":"Request Initiated | GET | /api-docs/swagger-ui.css| Req.body: {} |Params: {}| Date: 11/18/2023, 10:03:27 AM}","timestamp":"2023-11-18T04:18:27.415Z"}
{"level":"info","message":"Request Initiated | GET | /api-docs/swagger-ui-bundle.js| Req.body: {} |Params: {}| Date: 11/18/2023, 10:03:27 AM}","timestamp":"2023-11-18T04:18:27.419Z"}
{"level":"info","message":"Request Initiated | GET | /api-docs/swagger-ui-standalone-preset.js| Req.body: {} |Params: {}| Date: 11/18/2023, 10:03:27 AM}","timestamp":"2023-11-18T04:18:27.427Z"}
{"level":"info","message":"Request Initiated | GET | /api-docs/swagger-ui-init.js| Req.body: {} |Params: {}| Date: 11/18/2023, 10:03:27 AM}","timestamp":"2023-11-18T04:18:27.432Z"}
{"level":"info","message":"Request Initiated | GET | /api-docs/favicon-32x32.png| Req.body: {} |Params: {}| Date: 11/18/2023, 10:03:27 AM}","timestamp":"2023-11-18T04:18:27.743Z"}
{"level":"info","message":"Request Initiated | GET | /api/users| Req.body: {} |Params: {}| Date: 11/18/2023, 10:03:56 AM}","timestamp":"2023-11-18T04:18:56.964Z"}
{"level":"info","message":"Request Initiated | DELETE | /api/users/82a5b23d-1135-4b10-a826-0e67b2970f83| Req.body: {} |Params: {}| Date: 11/18/2023, 10:04:21 AM}","timestamp":"2023-11-18T04:19:21.254Z"}
{"level":"info","message":"Request Initiated | DELETE | /api/users/82a5b23d-1135-4b10-a826-0e67b2970f83| Req.body: {} |Params: {}| Date: 11/18/2023, 10:04:24 AM}","timestamp":"2023-11-18T04:19:24.501Z"}
{"level":"info","message":"Request Initiated | DELETE | /api/users/82a5b23d-1135-4b10-a826-0e67b2970f83| Req.body: {} |Params: {}| Date: 11/18/2023, 10:04:25 AM}","timestamp":"2023-11-18T04:19:25.337Z"}
{"level":"info","message":"Request Initiated | DELETE | /api/users/82a5b23d-1135-4b10-a826-0e67b2970f83| Req.body: {} |Params: {}| Date: 11/18/2023, 10:04:25 AM}","timestamp":"2023-11-18T04:19:25.546Z"}
{"level":"info","message":"Request Initiated | DELETE | /api/users/82a5b23d-1135-4b10-a826-0e67b2970f83| Req.body: {} |Params: {}| Date: 11/18/2023, 10:04:25 AM}","timestamp":"2023-11-18T04:19:25.646Z"}
{"level":"info","message":"Request Initiated | DELETE | /api/users/82a5b23d-1135-4b10-a826-0e67b2970f83| Req.body: {} |Params: {}| Date: 11/18/2023, 10:04:25 AM}","timestamp":"2023-11-18T04:19:25.762Z"}
{"level":"info","message":"Request Initiated | DELETE | /api/users/82a5b23d-1135-4b10-a826-0e67b2970f83| Req.body: {} |Params: {}| Date: 11/18/2023, 10:04:25 AM}","timestamp":"2023-11-18T04:19:25.849Z"}
{"level":"info","message":"Request Initiated | DELETE | /api/users/82a5b23d-1135-4b10-a826-0e67b2970f83| Req.body: {} |Params: {}| Date: 11/18/2023, 10:04:25 AM}","timestamp":"2023-11-18T04:19:25.955Z"}
{"level":"info","message":"Request Initiated | DELETE | /api/users/82a5b23d-1135-4b10-a826-0e67b2970f83| Req.body: {} |Params: {}| Date: 11/18/2023, 10:04:26 AM}","timestamp":"2023-11-18T04:19:26.059Z"}
{"level":"info","message":"Request Initiated | DELETE | /api/users/82a5b23d-1135-4b10-a826-0e67b2970f83| Req.body: {} |Params: {}| Date: 11/18/2023, 10:04:26 AM}","timestamp":"2023-11-18T04:19:26.161Z"}
{"level":"info","message":"Request Initiated | DELETE | /api/users/82a5b23d-1135-4b10-a826-0e67b2970f83| Req.body: {} |Params: {}| Date: 11/18/2023, 10:04:26 AM}","timestamp":"2023-11-18T04:19:26.257Z"}
{"level":"info","message":"Request Initiated | DELETE | /api/users/82a5b23d-1135-4b10-a826-0e67b2970f83| Req.body: {} |Params: {}| Date: 11/18/2023, 10:04:26 AM}","timestamp":"2023-11-18T04:19:26.372Z"}
{"level":"info","message":"Request Initiated | DELETE | /api/users/82a5b23d-1135-4b10-a826-0e67b2970f83| Req.body: {} |Params: {}| Date: 11/18/2023, 10:04:26 AM}","timestamp":"2023-11-18T04:19:26.468Z"}
{"level":"info","message":"Request Initiated | DELETE | /api/users/82a5b23d-1135-4b10-a826-0e67b2970f83| Req.body: {} |Params: {}| Date: 11/18/2023, 10:04:26 AM}","timestamp":"2023-11-18T04:19:26.579Z"}
{"level":"info","message":"Request Initiated | DELETE | /api/users/82a5b23d-1135-4b10-a826-0e67b2970f83| Req.body: {} |Params: {}| Date: 11/18/2023, 10:04:26 AM}","timestamp":"2023-11-18T04:19:26.878Z"}
{"level":"info","message":"Request Initiated | GET | /api-docs/| Req.body: {} |Params: {}| Date: 11/18/2023, 10:04:54 AM}","timestamp":"2023-11-18T04:19:54.673Z"}
{"level":"info","message":"Request Initiated | GET | /api-docs/swagger-ui.css| Req.body: {} |Params: {}| Date: 11/18/2023, 10:04:54 AM}","timestamp":"2023-11-18T04:19:54.708Z"}
{"level":"info","message":"Request Initiated | GET | /api-docs/swagger-ui-bundle.js| Req.body: {} |Params: {}| Date: 11/18/2023, 10:04:54 AM}","timestamp":"2023-11-18T04:19:54.711Z"}
{"level":"info","message":"Request Initiated | GET | /api-docs/swagger-ui-standalone-preset.js| Req.body: {} |Params: {}| Date: 11/18/2023, 10:04:54 AM}","timestamp":"2023-11-18T04:19:54.718Z"}
{"level":"info","message":"Request Initiated | GET | /api-docs/swagger-ui-init.js| Req.body: {} |Params: {}| Date: 11/18/2023, 10:04:54 AM}","timestamp":"2023-11-18T04:19:54.723Z"}
{"level":"info","message":"Request Initiated | GET | /api-docs/favicon-32x32.png| Req.body: {} |Params: {}| Date: 11/18/2023, 10:04:55 AM}","timestamp":"2023-11-18T04:19:55.069Z"}
